2026-07-07 15:42:24,634 [INFO] src.intensity_matrix: --------------------Processing Sample DERIV TMS--------------------
2026-07-07 15:42:24,634 [INFO] src.intensity_matrix: Skipped Succinate peak in DERIV TMS sample due to RT invalid
2026-07-07 15:42:24,635 [INFO] src.intensity_matrix: Skipped Fumarate peak in DERIV TMS sample due to RT invalid
2026-07-07 15:42:24,635 [INFO] src.intensity_matrix: Skipped Threonine peak in DERIV TMS sample due to RT invalid
2026-07-07 15:42:24,635 [INFO] src.intensity_matrix: Skipped Aspartate 2TMS peak in DERIV TMS sample due to RT invalid
2026-07-07 15:42:24,635 [INFO] src.intensity_matrix: Skipped Malate peak in DERIV TMS sample due to RT invalid
2026-07-07 15:42:24,635 [INFO] src.intensity_matrix: Skipped Aspartate 3TMS peak in DERIV TMS sample due to RT invalid
2026-07-07 15:42:24,641 [INFO] src.intensity_matrix: Skipped Methionine peak in DERIV TMS sample due to RT invalid
2026-07-07 15:42:24,641 [INFO] src.intensity_matrix: Skipped Glutamate 2TMS peak in DERIV TMS sample due to RT invalid
2026-07-07 15:42:24,641 [INFO] src.intensity_matrix: Skipped Asparagine 2TMS peak in DERIV TMS sample due to RT invalid
2026-07-07 15:42:24,641 [INFO] src.intensity_matrix: Skipped Glutamate 3TMS peak in DERIV TMS sample due to RT invalid
2026-07-07 15:42:24,641 [INFO] src.intensity_matrix: Skipped Phenylalanine 2TMS peak in DERIV TMS sample due to RT invalid
2026-07-07 15:42:24,641 [INFO] src.intensity_matrix: Skipped Serine 2TMS peak in DERIV TMS sample due to RT invalid
2026-07-07 15:42:24,641 [INFO] src.intensity_matrix: Skipped Taurine peak in DERIV TMS sample due to RT invalid
2026-07-07 15:42:24,641 [INFO] src.intensity_matrix: Skipped Glycerol-3-Phosphate peak in DERIV TMS sample due to RT invalid
2026-07-07 15:42:24,641 [INFO] src.intensity_matrix: Skipped Glycerol-3-phosphate peak in DERIV TMS sample due to RT invalid
2026-07-07 15:42:24,641 [INFO] src.intensity_matrix: Skipped Citrate peak in DERIV TMS sample due to RT invalid
2026-07-07 15:42:24,641 [INFO] src.intensity_matrix: Skipped Lysine 3TMS peak in DERIV TMS sample due to RT invalid
2026-07-07 15:42:24,641 [INFO] src.intensity_matrix: Skipped Tyrosine 2TMS peak in DERIV TMS sample due to RT invalid
2026-07-07 15:42:24,641 [INFO] src.intensity_matrix: Skipped Lysine 4TMS peak in DERIV TMS sample due to RT invalid
2026-07-07 15:42:24,641 [INFO] src.intensity_matrix: Skipped Tyrosine 3TMS peak in DERIV TMS sample due to RT invalid
2026-07-07 15:42:24,641 [INFO] src.intensity_matrix: Skipped Linoleate peak in DERIV TMS sample due to RT invalid
2026-07-07 15:42:24,641 [INFO] src.intensity_matrix: Skipped Oleate peak in DERIV TMS sample due to RT invalid
2026-07-07 15:42:24,641 [INFO] src.intensity_matrix: Skipped Cholesterol peak in DERIV TMS sample due to RT invalid
2026-07-07 15:42:24,641 [INFO] src.intensity_matrix: Molecules Queried: 42 | Peaks Found: 19 | Pct Found 45.23809523809524
2026-07-07 15:42:30,745 [INFO] src.intensity_matrix: --------------------Processing Sample SC1 TMS--------------------
2026-07-07 15:42:30,745 [INFO] src.intensity_matrix: Molecules Queried: 42 | Peaks Found: 42 | Pct Found 100.0
2026-07-07 15:42:36,124 [INFO] src.intensity_matrix: --------------------Processing Sample SC2 TMS--------------------
2026-07-07 15:42:36,125 [INFO] src.intensity_matrix: Skipped Asparagine 2TMS peak in SC2 TMS sample due to RT invalid
2026-07-07 15:42:36,125 [INFO] src.intensity_matrix: Skipped Serine 2TMS peak in SC2 TMS sample due to RT invalid
2026-07-07 15:42:36,125 [INFO] src.intensity_matrix: Molecules Queried: 42 | Peaks Found: 40 | Pct Found 95.23809523809523
2026-07-07 15:42:40,913 [INFO] src.intensity_matrix: --------------------Processing Sample SC3 TMS--------------------
2026-07-07 15:42:40,914 [INFO] src.intensity_matrix: Skipped Asparagine 2TMS peak in SC3 TMS sample due to RT invalid
2026-07-07 15:42:40,914 [INFO] src.intensity_matrix: Skipped Serine 2TMS peak in SC3 TMS sample due to RT invalid
2026-07-07 15:42:40,914 [INFO] src.intensity_matrix: Skipped Taurine peak in SC3 TMS sample due to RT invalid
2026-07-07 15:42:40,914 [INFO] src.intensity_matrix: Skipped Glycerol-3-phosphate peak in SC3 TMS sample due to RT invalid
2026-07-07 15:42:40,914 [INFO] src.intensity_matrix: Molecules Queried: 42 | Peaks Found: 38 | Pct Found 90.47619047619048
2026-07-07 15:42:45,374 [INFO] src.intensity_matrix: --------------------Processing Sample SC4 TMS--------------------
2026-07-07 15:42:45,374 [INFO] src.intensity_matrix: Skipped Asparagine 2TMS peak in SC4 TMS sample due to RT invalid
2026-07-07 15:42:45,374 [INFO] src.intensity_matrix: Skipped Serine 2TMS peak in SC4 TMS sample due to RT invalid
2026-07-07 15:42:45,374 [INFO] src.intensity_matrix: Skipped Taurine peak in SC4 TMS sample due to RT invalid
2026-07-07 15:42:45,374 [INFO] src.intensity_matrix: Skipped Glycerol-3-Phosphate peak in SC4 TMS sample due to RT invalid
2026-07-07 15:42:45,374 [INFO] src.intensity_matrix: Skipped Glycerol-3-phosphate peak in SC4 TMS sample due to RT invalid
2026-07-07 15:42:45,375 [INFO] src.intensity_matrix: Molecules Queried: 42 | Peaks Found: 37 | Pct Found 88.09523809523809
2026-07-07 15:42:48,876 [INFO] src.intensity_matrix: --------------------Processing Sample SC5 TMS--------------------
2026-07-07 15:42:48,876 [INFO] src.intensity_matrix: Skipped Asparagine 2TMS peak in SC5 TMS sample due to RT invalid
2026-07-07 15:42:48,876 [INFO] src.intensity_matrix: Skipped Lauric peak in SC5 TMS sample due to RT invalid
2026-07-07 15:42:48,876 [INFO] src.intensity_matrix: Skipped Serine 2TMS peak in SC5 TMS sample due to RT invalid
2026-07-07 15:42:48,876 [INFO] src.intensity_matrix: Skipped Taurine peak in SC5 TMS sample due to RT invalid
2026-07-07 15:42:48,876 [INFO] src.intensity_matrix: Skipped Glycerol-3-Phosphate peak in SC5 TMS sample due to RT invalid
2026-07-07 15:42:48,876 [INFO] src.intensity_matrix: Skipped Glycerol-3-phosphate peak in SC5 TMS sample due to RT invalid
2026-07-07 15:42:48,876 [INFO] src.intensity_matrix: Skipped Lysine 4TMS peak in SC5 TMS sample due to RT invalid
2026-07-07 15:42:48,876 [INFO] src.intensity_matrix: Skipped Tyrosine 3TMS peak in SC5 TMS sample due to RT invalid
2026-07-07 15:42:48,876 [INFO] src.intensity_matrix: Skipped Linoleate peak in SC5 TMS sample due to RT invalid
2026-07-07 15:42:48,877 [INFO] src.intensity_matrix: Skipped Oleate peak in SC5 TMS sample due to RT invalid
2026-07-07 15:42:48,877 [INFO] src.intensity_matrix: Molecules Queried: 42 | Peaks Found: 32 | Pct Found 76.19047619047619
2026-07-07 15:42:52,630 [INFO] src.intensity_matrix: --------------------Processing Sample SC6 TMS--------------------
2026-07-07 15:42:52,630 [INFO] src.intensity_matrix: Skipped Threonine peak in SC6 TMS sample due to RT invalid
2026-07-07 15:42:52,630 [INFO] src.intensity_matrix: Skipped Aspartate 2TMS peak in SC6 TMS sample due to RT invalid
2026-07-07 15:42:52,630 [INFO] src.intensity_matrix: Skipped Glutamate 2TMS peak in SC6 TMS sample due to RT invalid
2026-07-07 15:42:52,630 [INFO] src.intensity_matrix: Skipped Asparagine 2TMS peak in SC6 TMS sample due to RT invalid
2026-07-07 15:42:52,630 [INFO] src.intensity_matrix: Skipped Lauric peak in SC6 TMS sample due to RT invalid
2026-07-07 15:42:52,630 [INFO] src.intensity_matrix: Skipped Serine 2TMS peak in SC6 TMS sample due to RT invalid
2026-07-07 15:42:52,631 [INFO] src.intensity_matrix: Skipped Taurine peak in SC6 TMS sample due to RT invalid
2026-07-07 15:42:52,631 [INFO] src.intensity_matrix: Skipped Glycerol-3-Phosphate peak in SC6 TMS sample due to RT invalid
2026-07-07 15:42:52,631 [INFO] src.intensity_matrix: Skipped Glycerol-3-phosphate peak in SC6 TMS sample due to RT invalid
2026-07-07 15:42:52,631 [INFO] src.intensity_matrix: Skipped Lysine 4TMS peak in SC6 TMS sample due to RT invalid
2026-07-07 15:42:52,631 [INFO] src.intensity_matrix: Skipped Tyrosine 3TMS peak in SC6 TMS sample due to RT invalid
2026-07-07 15:42:52,631 [INFO] src.intensity_matrix: Skipped heptadecanoic peak in SC6 TMS sample due to RT invalid
2026-07-07 15:42:52,631 [INFO] src.intensity_matrix: Skipped Linoleate peak in SC6 TMS sample due to RT invalid
2026-07-07 15:42:52,631 [INFO] src.intensity_matrix: Skipped Oleate peak in SC6 TMS sample due to RT invalid
2026-07-07 15:42:52,631 [INFO] src.intensity_matrix: Molecules Queried: 42 | Peaks Found: 28 | Pct Found 66.66666666666666
2026-07-07 15:42:55,967 [INFO] src.intensity_matrix: --------------------Processing Sample SC7 TMS--------------------
2026-07-07 15:42:55,967 [INFO] src.intensity_matrix: Skipped Aspartate 2TMS peak in SC7 TMS sample due to RT invalid
2026-07-07 15:42:55,967 [INFO] src.intensity_matrix: Skipped Methionine peak in SC7 TMS sample due to RT invalid
2026-07-07 15:42:55,967 [INFO] src.intensity_matrix: Skipped Glutamate 2TMS peak in SC7 TMS sample due to RT invalid
2026-07-07 15:42:55,967 [INFO] src.intensity_matrix: Skipped Asparagine 2TMS peak in SC7 TMS sample due to RT invalid
2026-07-07 15:42:55,967 [INFO] src.intensity_matrix: Skipped Glutamate 3TMS peak in SC7 TMS sample due to RT invalid
2026-07-07 15:42:55,967 [INFO] src.intensity_matrix: Skipped Serine 2TMS peak in SC7 TMS sample due to RT invalid
2026-07-07 15:42:55,967 [INFO] src.intensity_matrix: Skipped Taurine peak in SC7 TMS sample due to RT invalid
2026-07-07 15:42:55,967 [INFO] src.intensity_matrix: Skipped Glycerol-3-Phosphate peak in SC7 TMS sample due to RT invalid
2026-07-07 15:42:55,967 [INFO] src.intensity_matrix: Skipped Glycerol-3-phosphate peak in SC7 TMS sample due to RT invalid
2026-07-07 15:42:55,967 [INFO] src.intensity_matrix: Skipped Lysine 4TMS peak in SC7 TMS sample due to RT invalid
2026-07-07 15:42:55,967 [INFO] src.intensity_matrix: Skipped Tyrosine 3TMS peak in SC7 TMS sample due to RT invalid
2026-07-07 15:42:55,967 [INFO] src.intensity_matrix: Skipped heptadecanoic peak in SC7 TMS sample due to RT invalid
2026-07-07 15:42:55,967 [INFO] src.intensity_matrix: Skipped Linoleate peak in SC7 TMS sample due to RT invalid
2026-07-07 15:42:55,967 [INFO] src.intensity_matrix: Skipped Oleate peak in SC7 TMS sample due to RT invalid
2026-07-07 15:42:55,968 [INFO] src.intensity_matrix: Molecules Queried: 42 | Peaks Found: 28 | Pct Found 66.66666666666666
2026-07-07 15:42:59,117 [INFO] src.intensity_matrix: --------------------Processing Sample SC8 TMS--------------------
2026-07-07 15:42:59,117 [INFO] src.intensity_matrix: Skipped Aspartate 2TMS peak in SC8 TMS sample due to RT invalid
2026-07-07 15:42:59,117 [INFO] src.intensity_matrix: Skipped Malate peak in SC8 TMS sample due to RT invalid
2026-07-07 15:42:59,117 [INFO] src.intensity_matrix: Skipped Phenylalanine 1TMS peak in SC8 TMS sample due to RT invalid
2026-07-07 15:42:59,117 [INFO] src.intensity_matrix: Skipped Asparagine 2TMS peak in SC8 TMS sample due to RT invalid
2026-07-07 15:42:59,117 [INFO] src.intensity_matrix: Skipped Glutamate 3TMS peak in SC8 TMS sample due to RT invalid
2026-07-07 15:42:59,117 [INFO] src.intensity_matrix: Skipped Serine 2TMS peak in SC8 TMS sample due to RT invalid
2026-07-07 15:42:59,117 [INFO] src.intensity_matrix: Skipped Taurine peak in SC8 TMS sample due to RT invalid
2026-07-07 15:42:59,117 [INFO] src.intensity_matrix: Skipped Glycerol-3-Phosphate peak in SC8 TMS sample due to RT invalid
2026-07-07 15:42:59,117 [INFO] src.intensity_matrix: Skipped Glycerol-3-phosphate peak in SC8 TMS sample due to RT invalid
2026-07-07 15:42:59,117 [INFO] src.intensity_matrix: Skipped Lysine 4TMS peak in SC8 TMS sample due to RT invalid
2026-07-07 15:42:59,117 [INFO] src.intensity_matrix: Skipped Tyrosine 3TMS peak in SC8 TMS sample due to RT invalid
2026-07-07 15:42:59,117 [INFO] src.intensity_matrix: Skipped pentadecanoic peak in SC8 TMS sample due to RT invalid
2026-07-07 15:42:59,118 [INFO] src.intensity_matrix: Skipped heptadecanoic peak in SC8 TMS sample due to RT invalid
2026-07-07 15:42:59,118 [INFO] src.intensity_matrix: Skipped Linoleate peak in SC8 TMS sample due to RT invalid
2026-07-07 15:42:59,118 [INFO] src.intensity_matrix: Skipped Oleate peak in SC8 TMS sample due to RT invalid
2026-07-07 15:42:59,118 [INFO] src.intensity_matrix: Molecules Queried: 42 | Peaks Found: 27 | Pct Found 64.28571428571429
2026-07-07 15:43:02,326 [INFO] src.intensity_matrix: --------------------Processing Sample SC9 TMS--------------------
2026-07-07 15:43:02,326 [INFO] src.intensity_matrix: Skipped Aspartate 2TMS peak in SC9 TMS sample due to RT invalid
2026-07-07 15:43:02,328 [INFO] src.intensity_matrix: Skipped Malate peak in SC9 TMS sample due to RT invalid
2026-07-07 15:43:02,328 [INFO] src.intensity_matrix: Skipped Methionine peak in SC9 TMS sample due to RT invalid
2026-07-07 15:43:02,328 [INFO] src.intensity_matrix: Skipped Asparagine 2TMS peak in SC9 TMS sample due to RT invalid
2026-07-07 15:43:02,328 [INFO] src.intensity_matrix: Skipped Glutamate 3TMS peak in SC9 TMS sample due to RT invalid
2026-07-07 15:43:02,328 [INFO] src.intensity_matrix: Skipped Lauric peak in SC9 TMS sample due to RT invalid
2026-07-07 15:43:02,328 [INFO] src.intensity_matrix: Skipped Serine 2TMS peak in SC9 TMS sample due to RT invalid
2026-07-07 15:43:02,328 [INFO] src.intensity_matrix: Skipped Taurine peak in SC9 TMS sample due to RT invalid
2026-07-07 15:43:02,328 [INFO] src.intensity_matrix: Skipped Glycerol-3-Phosphate peak in SC9 TMS sample due to RT invalid
2026-07-07 15:43:02,328 [INFO] src.intensity_matrix: Skipped Glycerol-3-phosphate peak in SC9 TMS sample due to RT invalid
2026-07-07 15:43:02,328 [INFO] src.intensity_matrix: Skipped Citrate peak in SC9 TMS sample due to RT invalid
2026-07-07 15:43:02,328 [INFO] src.intensity_matrix: Skipped Lysine 3TMS peak in SC9 TMS sample due to RT invalid
2026-07-07 15:43:02,328 [INFO] src.intensity_matrix: Skipped Lysine 4TMS peak in SC9 TMS sample due to RT invalid
2026-07-07 15:43:02,328 [INFO] src.intensity_matrix: Skipped Tyrosine 3TMS peak in SC9 TMS sample due to RT invalid
2026-07-07 15:43:02,328 [INFO] src.intensity_matrix: Skipped pentadecanoic peak in SC9 TMS sample due to RT invalid
2026-07-07 15:43:02,328 [INFO] src.intensity_matrix: Skipped heptadecanoic peak in SC9 TMS sample due to RT invalid
2026-07-07 15:43:02,328 [INFO] src.intensity_matrix: Skipped Linoleate peak in SC9 TMS sample due to RT invalid
2026-07-07 15:43:02,328 [INFO] src.intensity_matrix: Skipped Oleate peak in SC9 TMS sample due to RT invalid
2026-07-07 15:43:02,328 [INFO] src.intensity_matrix: Molecules Queried: 42 | Peaks Found: 24 | Pct Found 57.14285714285714
2026-07-07 15:43:02,415 [WARNING] src.analysis: No nearest neighbors setting detected
2026-07-07 15:43:02,416 [WARNING] src.analysis: No nearest neighbors setting detected
2026-07-07 15:51:07,655 [INFO] src.intensity_matrix: --------------------Processing Sample DERIV TMS--------------------
2026-07-07 15:51:07,656 [INFO] src.intensity_matrix: Skipped Succinate peak in DERIV TMS sample due to RT invalid
2026-07-07 15:51:07,656 [INFO] src.intensity_matrix: Skipped Fumarate peak in DERIV TMS sample due to RT invalid
2026-07-07 15:51:07,656 [INFO] src.intensity_matrix: Skipped Threonine peak in DERIV TMS sample due to RT invalid
2026-07-07 15:51:07,656 [INFO] src.intensity_matrix: Skipped Aspartate 2TMS peak in DERIV TMS sample due to RT invalid
2026-07-07 15:51:07,656 [INFO] src.intensity_matrix: Skipped Malate peak in DERIV TMS sample due to RT invalid
2026-07-07 15:51:07,656 [INFO] src.intensity_matrix: Skipped Aspartate 3TMS peak in DERIV TMS sample due to RT invalid
2026-07-07 15:51:07,656 [INFO] src.intensity_matrix: Skipped Methionine peak in DERIV TMS sample due to RT invalid
2026-07-07 15:51:07,656 [INFO] src.intensity_matrix: Skipped Glutamate 2TMS peak in DERIV TMS sample due to RT invalid
2026-07-07 15:51:07,656 [INFO] src.intensity_matrix: Skipped Asparagine 2TMS peak in DERIV TMS sample due to RT invalid
2026-07-07 15:51:07,656 [INFO] src.intensity_matrix: Skipped Glutamate 3TMS peak in DERIV TMS sample due to RT invalid
2026-07-07 15:51:07,656 [INFO] src.intensity_matrix: Skipped Phenylalanine 2TMS peak in DERIV TMS sample due to RT invalid
2026-07-07 15:51:07,656 [INFO] src.intensity_matrix: Skipped Serine 2TMS peak in DERIV TMS sample due to RT invalid
2026-07-07 15:51:07,656 [INFO] src.intensity_matrix: Skipped Taurine peak in DERIV TMS sample due to RT invalid
2026-07-07 15:51:07,656 [INFO] src.intensity_matrix: Skipped Glycerol-3-Phosphate peak in DERIV TMS sample due to RT invalid
2026-07-07 15:51:07,656 [INFO] src.intensity_matrix: Skipped Glycerol-3-phosphate peak in DERIV TMS sample due to RT invalid
2026-07-07 15:51:07,656 [INFO] src.intensity_matrix: Skipped Citrate peak in DERIV TMS sample due to RT invalid
2026-07-07 15:51:07,657 [INFO] src.intensity_matrix: Skipped Lysine 3TMS peak in DERIV TMS sample due to RT invalid
2026-07-07 15:51:07,657 [INFO] src.intensity_matrix: Skipped Tyrosine 2TMS peak in DERIV TMS sample due to RT invalid
2026-07-07 15:51:07,657 [INFO] src.intensity_matrix: Skipped Lysine 4TMS peak in DERIV TMS sample due to RT invalid
2026-07-07 15:51:07,657 [INFO] src.intensity_matrix: Skipped Tyrosine 3TMS peak in DERIV TMS sample due to RT invalid
2026-07-07 15:51:07,657 [INFO] src.intensity_matrix: Skipped Linoleate peak in DERIV TMS sample due to RT invalid
2026-07-07 15:51:07,657 [INFO] src.intensity_matrix: Skipped Oleate peak in DERIV TMS sample due to RT invalid
2026-07-07 15:51:07,657 [INFO] src.intensity_matrix: Skipped Cholesterol peak in DERIV TMS sample due to RT invalid
2026-07-07 15:51:07,657 [INFO] src.intensity_matrix: Molecules Queried: 42 | Peaks Found: 19 | Pct Found 45.23809523809524
2026-07-07 15:51:24,032 [INFO] src.intensity_matrix: --------------------Processing Sample SC1 TMS--------------------
2026-07-07 15:51:24,034 [INFO] src.intensity_matrix: Molecules Queried: 42 | Peaks Found: 42 | Pct Found 100.0
2026-07-07 15:51:33,234 [INFO] src.intensity_matrix: --------------------Processing Sample SC2 TMS--------------------
2026-07-07 15:51:33,234 [INFO] src.intensity_matrix: Skipped Asparagine 2TMS peak in SC2 TMS sample due to RT invalid
2026-07-07 15:51:33,234 [INFO] src.intensity_matrix: Skipped Serine 2TMS peak in SC2 TMS sample due to RT invalid
2026-07-07 15:51:33,235 [INFO] src.intensity_matrix: Molecules Queried: 42 | Peaks Found: 40 | Pct Found 95.23809523809523
2026-07-07 15:51:41,271 [INFO] src.intensity_matrix: --------------------Processing Sample SC3 TMS--------------------
2026-07-07 15:51:41,273 [INFO] src.intensity_matrix: Skipped Asparagine 2TMS peak in SC3 TMS sample due to RT invalid
2026-07-07 15:51:41,274 [INFO] src.intensity_matrix: Skipped Serine 2TMS peak in SC3 TMS sample due to RT invalid
2026-07-07 15:51:41,274 [INFO] src.intensity_matrix: Skipped Taurine peak in SC3 TMS sample due to RT invalid
2026-07-07 15:51:41,274 [INFO] src.intensity_matrix: Skipped Glycerol-3-phosphate peak in SC3 TMS sample due to RT invalid
2026-07-07 15:51:41,274 [INFO] src.intensity_matrix: Molecules Queried: 42 | Peaks Found: 38 | Pct Found 90.47619047619048
2026-07-07 15:51:48,330 [INFO] src.intensity_matrix: --------------------Processing Sample SC4 TMS--------------------
2026-07-07 15:51:48,331 [INFO] src.intensity_matrix: Skipped Asparagine 2TMS peak in SC4 TMS sample due to RT invalid
2026-07-07 15:51:48,331 [INFO] src.intensity_matrix: Skipped Serine 2TMS peak in SC4 TMS sample due to RT invalid
2026-07-07 15:51:48,331 [INFO] src.intensity_matrix: Skipped Taurine peak in SC4 TMS sample due to RT invalid
2026-07-07 15:51:48,331 [INFO] src.intensity_matrix: Skipped Glycerol-3-Phosphate peak in SC4 TMS sample due to RT invalid
2026-07-07 15:51:48,331 [INFO] src.intensity_matrix: Skipped Glycerol-3-phosphate peak in SC4 TMS sample due to RT invalid
2026-07-07 15:51:48,331 [INFO] src.intensity_matrix: Molecules Queried: 42 | Peaks Found: 37 | Pct Found 88.09523809523809
2026-07-07 15:51:51,816 [INFO] src.intensity_matrix: --------------------Processing Sample SC5 TMS--------------------
2026-07-07 15:51:51,816 [INFO] src.intensity_matrix: Skipped Asparagine 2TMS peak in SC5 TMS sample due to RT invalid
2026-07-07 15:51:51,816 [INFO] src.intensity_matrix: Skipped Lauric peak in SC5 TMS sample due to RT invalid
2026-07-07 15:51:51,816 [INFO] src.intensity_matrix: Skipped Serine 2TMS peak in SC5 TMS sample due to RT invalid
2026-07-07 15:51:51,816 [INFO] src.intensity_matrix: Skipped Taurine peak in SC5 TMS sample due to RT invalid
2026-07-07 15:51:51,816 [INFO] src.intensity_matrix: Skipped Glycerol-3-Phosphate peak in SC5 TMS sample due to RT invalid
2026-07-07 15:51:51,817 [INFO] src.intensity_matrix: Skipped Glycerol-3-phosphate peak in SC5 TMS sample due to RT invalid
2026-07-07 15:51:51,817 [INFO] src.intensity_matrix: Skipped Lysine 4TMS peak in SC5 TMS sample due to RT invalid
2026-07-07 15:51:51,817 [INFO] src.intensity_matrix: Skipped Tyrosine 3TMS peak in SC5 TMS sample due to RT invalid
2026-07-07 15:51:51,817 [INFO] src.intensity_matrix: Skipped Linoleate peak in SC5 TMS sample due to RT invalid
2026-07-07 15:51:51,817 [INFO] src.intensity_matrix: Skipped Oleate peak in SC5 TMS sample due to RT invalid
2026-07-07 15:51:51,817 [INFO] src.intensity_matrix: Molecules Queried: 42 | Peaks Found: 32 | Pct Found 76.19047619047619
2026-07-07 15:51:55,561 [INFO] src.intensity_matrix: --------------------Processing Sample SC6 TMS--------------------
2026-07-07 15:51:55,562 [INFO] src.intensity_matrix: Skipped Threonine peak in SC6 TMS sample due to RT invalid
2026-07-07 15:51:55,562 [INFO] src.intensity_matrix: Skipped Aspartate 2TMS peak in SC6 TMS sample due to RT invalid
2026-07-07 15:51:55,562 [INFO] src.intensity_matrix: Skipped Glutamate 2TMS peak in SC6 TMS sample due to RT invalid
2026-07-07 15:51:55,562 [INFO] src.intensity_matrix: Skipped Asparagine 2TMS peak in SC6 TMS sample due to RT invalid
2026-07-07 15:51:55,562 [INFO] src.intensity_matrix: Skipped Lauric peak in SC6 TMS sample due to RT invalid
2026-07-07 15:51:55,562 [INFO] src.intensity_matrix: Skipped Serine 2TMS peak in SC6 TMS sample due to RT invalid
2026-07-07 15:51:55,562 [INFO] src.intensity_matrix: Skipped Taurine peak in SC6 TMS sample due to RT invalid
2026-07-07 15:51:55,562 [INFO] src.intensity_matrix: Skipped Glycerol-3-Phosphate peak in SC6 TMS sample due to RT invalid
2026-07-07 15:51:55,562 [INFO] src.intensity_matrix: Skipped Glycerol-3-phosphate peak in SC6 TMS sample due to RT invalid
2026-07-07 15:51:55,562 [INFO] src.intensity_matrix: Skipped Lysine 4TMS peak in SC6 TMS sample due to RT invalid
2026-07-07 15:51:55,562 [INFO] src.intensity_matrix: Skipped Tyrosine 3TMS peak in SC6 TMS sample due to RT invalid
2026-07-07 15:51:55,562 [INFO] src.intensity_matrix: Skipped heptadecanoic peak in SC6 TMS sample due to RT invalid
2026-07-07 15:51:55,562 [INFO] src.intensity_matrix: Skipped Linoleate peak in SC6 TMS sample due to RT invalid
2026-07-07 15:51:55,562 [INFO] src.intensity_matrix: Skipped Oleate peak in SC6 TMS sample due to RT invalid
2026-07-07 15:51:55,562 [INFO] src.intensity_matrix: Molecules Queried: 42 | Peaks Found: 28 | Pct Found 66.66666666666666
2026-07-07 15:51:58,850 [INFO] src.intensity_matrix: --------------------Processing Sample SC7 TMS--------------------
2026-07-07 15:51:58,850 [INFO] src.intensity_matrix: Skipped Aspartate 2TMS peak in SC7 TMS sample due to RT invalid
2026-07-07 15:51:58,850 [INFO] src.intensity_matrix: Skipped Methionine peak in SC7 TMS sample due to RT invalid
2026-07-07 15:51:58,850 [INFO] src.intensity_matrix: Skipped Glutamate 2TMS peak in SC7 TMS sample due to RT invalid
2026-07-07 15:51:58,850 [INFO] src.intensity_matrix: Skipped Asparagine 2TMS peak in SC7 TMS sample due to RT invalid
2026-07-07 15:51:58,850 [INFO] src.intensity_matrix: Skipped Glutamate 3TMS peak in SC7 TMS sample due to RT invalid
2026-07-07 15:51:58,850 [INFO] src.intensity_matrix: Skipped Serine 2TMS peak in SC7 TMS sample due to RT invalid
2026-07-07 15:51:58,850 [INFO] src.intensity_matrix: Skipped Taurine peak in SC7 TMS sample due to RT invalid
2026-07-07 15:51:58,850 [INFO] src.intensity_matrix: Skipped Glycerol-3-Phosphate peak in SC7 TMS sample due to RT invalid
2026-07-07 15:51:58,850 [INFO] src.intensity_matrix: Skipped Glycerol-3-phosphate peak in SC7 TMS sample due to RT invalid
2026-07-07 15:51:58,850 [INFO] src.intensity_matrix: Skipped Lysine 4TMS peak in SC7 TMS sample due to RT invalid
2026-07-07 15:51:58,850 [INFO] src.intensity_matrix: Skipped Tyrosine 3TMS peak in SC7 TMS sample due to RT invalid
2026-07-07 15:51:58,850 [INFO] src.intensity_matrix: Skipped heptadecanoic peak in SC7 TMS sample due to RT invalid
2026-07-07 15:51:58,850 [INFO] src.intensity_matrix: Skipped Linoleate peak in SC7 TMS sample due to RT invalid
2026-07-07 15:51:58,850 [INFO] src.intensity_matrix: Skipped Oleate peak in SC7 TMS sample due to RT invalid
2026-07-07 15:51:58,850 [INFO] src.intensity_matrix: Molecules Queried: 42 | Peaks Found: 28 | Pct Found 66.66666666666666
2026-07-07 15:52:01,970 [INFO] src.intensity_matrix: --------------------Processing Sample SC8 TMS--------------------
2026-07-07 15:52:01,970 [INFO] src.intensity_matrix: Skipped Aspartate 2TMS peak in SC8 TMS sample due to RT invalid
2026-07-07 15:52:01,970 [INFO] src.intensity_matrix: Skipped Malate peak in SC8 TMS sample due to RT invalid
2026-07-07 15:52:01,970 [INFO] src.intensity_matrix: Skipped Phenylalanine 1TMS peak in SC8 TMS sample due to RT invalid
2026-07-07 15:52:01,970 [INFO] src.intensity_matrix: Skipped Asparagine 2TMS peak in SC8 TMS sample due to RT invalid
2026-07-07 15:52:01,970 [INFO] src.intensity_matrix: Skipped Glutamate 3TMS peak in SC8 TMS sample due to RT invalid
2026-07-07 15:52:01,970 [INFO] src.intensity_matrix: Skipped Serine 2TMS peak in SC8 TMS sample due to RT invalid
2026-07-07 15:52:01,970 [INFO] src.intensity_matrix: Skipped Taurine peak in SC8 TMS sample due to RT invalid
2026-07-07 15:52:01,970 [INFO] src.intensity_matrix: Skipped Glycerol-3-Phosphate peak in SC8 TMS sample due to RT invalid
2026-07-07 15:52:01,970 [INFO] src.intensity_matrix: Skipped Glycerol-3-phosphate peak in SC8 TMS sample due to RT invalid
2026-07-07 15:52:01,971 [INFO] src.intensity_matrix: Skipped Lysine 4TMS peak in SC8 TMS sample due to RT invalid
2026-07-07 15:52:01,971 [INFO] src.intensity_matrix: Skipped Tyrosine 3TMS peak in SC8 TMS sample due to RT invalid
2026-07-07 15:52:01,971 [INFO] src.intensity_matrix: Skipped pentadecanoic peak in SC8 TMS sample due to RT invalid
2026-07-07 15:52:01,971 [INFO] src.intensity_matrix: Skipped heptadecanoic peak in SC8 TMS sample due to RT invalid
2026-07-07 15:52:01,971 [INFO] src.intensity_matrix: Skipped Linoleate peak in SC8 TMS sample due to RT invalid
2026-07-07 15:52:01,971 [INFO] src.intensity_matrix: Skipped Oleate peak in SC8 TMS sample due to RT invalid
2026-07-07 15:52:01,971 [INFO] src.intensity_matrix: Molecules Queried: 42 | Peaks Found: 27 | Pct Found 64.28571428571429
2026-07-07 15:52:05,173 [INFO] src.intensity_matrix: --------------------Processing Sample SC9 TMS--------------------
2026-07-07 15:52:05,173 [INFO] src.intensity_matrix: Skipped Aspartate 2TMS peak in SC9 TMS sample due to RT invalid
2026-07-07 15:52:05,173 [INFO] src.intensity_matrix: Skipped Malate peak in SC9 TMS sample due to RT invalid
2026-07-07 15:52:05,173 [INFO] src.intensity_matrix: Skipped Methionine peak in SC9 TMS sample due to RT invalid
2026-07-07 15:52:05,173 [INFO] src.intensity_matrix: Skipped Asparagine 2TMS peak in SC9 TMS sample due to RT invalid
2026-07-07 15:52:05,173 [INFO] src.intensity_matrix: Skipped Glutamate 3TMS peak in SC9 TMS sample due to RT invalid
2026-07-07 15:52:05,173 [INFO] src.intensity_matrix: Skipped Lauric peak in SC9 TMS sample due to RT invalid
2026-07-07 15:52:05,173 [INFO] src.intensity_matrix: Skipped Serine 2TMS peak in SC9 TMS sample due to RT invalid
2026-07-07 15:52:05,173 [INFO] src.intensity_matrix: Skipped Taurine peak in SC9 TMS sample due to RT invalid
2026-07-07 15:52:05,173 [INFO] src.intensity_matrix: Skipped Glycerol-3-Phosphate peak in SC9 TMS sample due to RT invalid
2026-07-07 15:52:05,173 [INFO] src.intensity_matrix: Skipped Glycerol-3-phosphate peak in SC9 TMS sample due to RT invalid
2026-07-07 15:52:05,173 [INFO] src.intensity_matrix: Skipped Citrate peak in SC9 TMS sample due to RT invalid
2026-07-07 15:52:05,174 [INFO] src.intensity_matrix: Skipped Lysine 3TMS peak in SC9 TMS sample due to RT invalid
2026-07-07 15:52:05,174 [INFO] src.intensity_matrix: Skipped Lysine 4TMS peak in SC9 TMS sample due to RT invalid
2026-07-07 15:52:05,174 [INFO] src.intensity_matrix: Skipped Tyrosine 3TMS peak in SC9 TMS sample due to RT invalid
2026-07-07 15:52:05,174 [INFO] src.intensity_matrix: Skipped pentadecanoic peak in SC9 TMS sample due to RT invalid
2026-07-07 15:52:05,174 [INFO] src.intensity_matrix: Skipped heptadecanoic peak in SC9 TMS sample due to RT invalid
2026-07-07 15:52:05,174 [INFO] src.intensity_matrix: Skipped Linoleate peak in SC9 TMS sample due to RT invalid
2026-07-07 15:52:05,174 [INFO] src.intensity_matrix: Skipped Oleate peak in SC9 TMS sample due to RT invalid
2026-07-07 15:52:05,174 [INFO] src.intensity_matrix: Molecules Queried: 42 | Peaks Found: 24 | Pct Found 57.14285714285714
2026-07-07 15:52:05,270 [WARNING] src.analysis: No nearest neighbors setting detected
2026-07-07 15:52:05,271 [WARNING] src.analysis: No nearest neighbors setting detected
2026-07-07 15:53:26,191 [INFO] src.intensity_matrix: --------------------Processing Sample DERIV TMS--------------------
2026-07-07 15:53:26,192 [INFO] src.intensity_matrix: Skipped Succinate peak in DERIV TMS sample due to RT invalid
2026-07-07 15:53:26,192 [INFO] src.intensity_matrix: Skipped Fumarate peak in DERIV TMS sample due to RT invalid
2026-07-07 15:53:26,192 [INFO] src.intensity_matrix: Skipped Threonine peak in DERIV TMS sample due to RT invalid
2026-07-07 15:53:26,192 [INFO] src.intensity_matrix: Skipped Aspartate 2TMS peak in DERIV TMS sample due to RT invalid
2026-07-07 15:53:26,192 [INFO] src.intensity_matrix: Skipped Malate peak in DERIV TMS sample due to RT invalid
2026-07-07 15:53:26,192 [INFO] src.intensity_matrix: Skipped Aspartate 3TMS peak in DERIV TMS sample due to RT invalid
2026-07-07 15:53:26,192 [INFO] src.intensity_matrix: Skipped Methionine peak in DERIV TMS sample due to RT invalid
2026-07-07 15:53:26,192 [INFO] src.intensity_matrix: Skipped Glutamate 2TMS peak in DERIV TMS sample due to RT invalid
2026-07-07 15:53:26,192 [INFO] src.intensity_matrix: Skipped Asparagine 2TMS peak in DERIV TMS sample due to RT invalid
2026-07-07 15:53:26,192 [INFO] src.intensity_matrix: Skipped Glutamate 3TMS peak in DERIV TMS sample due to RT invalid
2026-07-07 15:53:26,192 [INFO] src.intensity_matrix: Skipped Phenylalanine 2TMS peak in DERIV TMS sample due to RT invalid
2026-07-07 15:53:26,192 [INFO] src.intensity_matrix: Skipped Serine 2TMS peak in DERIV TMS sample due to RT invalid
2026-07-07 15:53:26,192 [INFO] src.intensity_matrix: Skipped Taurine peak in DERIV TMS sample due to RT invalid
2026-07-07 15:53:26,192 [INFO] src.intensity_matrix: Skipped Glycerol-3-Phosphate peak in DERIV TMS sample due to RT invalid
2026-07-07 15:53:26,192 [INFO] src.intensity_matrix: Skipped Glycerol-3-phosphate peak in DERIV TMS sample due to RT invalid
2026-07-07 15:53:26,192 [INFO] src.intensity_matrix: Skipped Citrate peak in DERIV TMS sample due to RT invalid
2026-07-07 15:53:26,192 [INFO] src.intensity_matrix: Skipped Lysine 3TMS peak in DERIV TMS sample due to RT invalid
2026-07-07 15:53:26,192 [INFO] src.intensity_matrix: Skipped Tyrosine 2TMS peak in DERIV TMS sample due to RT invalid
2026-07-07 15:53:26,192 [INFO] src.intensity_matrix: Skipped Lysine 4TMS peak in DERIV TMS sample due to RT invalid
2026-07-07 15:53:26,192 [INFO] src.intensity_matrix: Skipped Tyrosine 3TMS peak in DERIV TMS sample due to RT invalid
2026-07-07 15:53:26,192 [INFO] src.intensity_matrix: Skipped Linoleate peak in DERIV TMS sample due to RT invalid
2026-07-07 15:53:26,192 [INFO] src.intensity_matrix: Skipped Oleate peak in DERIV TMS sample due to RT invalid
2026-07-07 15:53:26,192 [INFO] src.intensity_matrix: Skipped Cholesterol peak in DERIV TMS sample due to RT invalid
2026-07-07 15:53:26,192 [INFO] src.intensity_matrix: Molecules Queried: 42 | Peaks Found: 19 | Pct Found 45.23809523809524
2026-07-07 15:53:32,211 [INFO] src.intensity_matrix: --------------------Processing Sample SC1 TMS--------------------
2026-07-07 15:53:32,212 [INFO] src.intensity_matrix: Molecules Queried: 42 | Peaks Found: 42 | Pct Found 100.0
2026-07-07 15:53:37,554 [INFO] src.intensity_matrix: --------------------Processing Sample SC2 TMS--------------------
2026-07-07 15:53:37,555 [INFO] src.intensity_matrix: Skipped Asparagine 2TMS peak in SC2 TMS sample due to RT invalid
2026-07-07 15:53:37,555 [INFO] src.intensity_matrix: Skipped Serine 2TMS peak in SC2 TMS sample due to RT invalid
2026-07-07 15:53:37,556 [INFO] src.intensity_matrix: Molecules Queried: 42 | Peaks Found: 40 | Pct Found 95.23809523809523
2026-07-07 15:53:42,335 [INFO] src.intensity_matrix: --------------------Processing Sample SC3 TMS--------------------
2026-07-07 15:53:42,336 [INFO] src.intensity_matrix: Skipped Asparagine 2TMS peak in SC3 TMS sample due to RT invalid
2026-07-07 15:53:42,336 [INFO] src.intensity_matrix: Skipped Serine 2TMS peak in SC3 TMS sample due to RT invalid
2026-07-07 15:53:42,336 [INFO] src.intensity_matrix: Skipped Taurine peak in SC3 TMS sample due to RT invalid
2026-07-07 15:53:42,336 [INFO] src.intensity_matrix: Skipped Glycerol-3-phosphate peak in SC3 TMS sample due to RT invalid
2026-07-07 15:53:42,336 [INFO] src.intensity_matrix: Molecules Queried: 42 | Peaks Found: 38 | Pct Found 90.47619047619048
2026-07-07 15:53:46,792 [INFO] src.intensity_matrix: --------------------Processing Sample SC4 TMS--------------------
2026-07-07 15:53:46,793 [INFO] src.intensity_matrix: Skipped Asparagine 2TMS peak in SC4 TMS sample due to RT invalid
2026-07-07 15:53:46,793 [INFO] src.intensity_matrix: Skipped Serine 2TMS peak in SC4 TMS sample due to RT invalid
2026-07-07 15:53:46,793 [INFO] src.intensity_matrix: Skipped Taurine peak in SC4 TMS sample due to RT invalid
2026-07-07 15:53:46,793 [INFO] src.intensity_matrix: Skipped Glycerol-3-Phosphate peak in SC4 TMS sample due to RT invalid
2026-07-07 15:53:46,793 [INFO] src.intensity_matrix: Skipped Glycerol-3-phosphate peak in SC4 TMS sample due to RT invalid
2026-07-07 15:53:46,793 [INFO] src.intensity_matrix: Molecules Queried: 42 | Peaks Found: 37 | Pct Found 88.09523809523809
2026-07-07 15:53:50,303 [INFO] src.intensity_matrix: --------------------Processing Sample SC5 TMS--------------------
2026-07-07 15:53:50,303 [INFO] src.intensity_matrix: Skipped Asparagine 2TMS peak in SC5 TMS sample due to RT invalid
2026-07-07 15:53:50,304 [INFO] src.intensity_matrix: Skipped Lauric peak in SC5 TMS sample due to RT invalid
2026-07-07 15:53:50,304 [INFO] src.intensity_matrix: Skipped Serine 2TMS peak in SC5 TMS sample due to RT invalid
2026-07-07 15:53:50,304 [INFO] src.intensity_matrix: Skipped Taurine peak in SC5 TMS sample due to RT invalid
2026-07-07 15:53:50,304 [INFO] src.intensity_matrix: Skipped Glycerol-3-Phosphate peak in SC5 TMS sample due to RT invalid
2026-07-07 15:53:50,304 [INFO] src.intensity_matrix: Skipped Glycerol-3-phosphate peak in SC5 TMS sample due to RT invalid
2026-07-07 15:53:50,304 [INFO] src.intensity_matrix: Skipped Lysine 4TMS peak in SC5 TMS sample due to RT invalid
2026-07-07 15:53:50,304 [INFO] src.intensity_matrix: Skipped Tyrosine 3TMS peak in SC5 TMS sample due to RT invalid
2026-07-07 15:53:50,304 [INFO] src.intensity_matrix: Skipped Linoleate peak in SC5 TMS sample due to RT invalid
2026-07-07 15:53:50,304 [INFO] src.intensity_matrix: Skipped Oleate peak in SC5 TMS sample due to RT invalid
2026-07-07 15:53:50,304 [INFO] src.intensity_matrix: Molecules Queried: 42 | Peaks Found: 32 | Pct Found 76.19047619047619
2026-07-07 15:53:54,062 [INFO] src.intensity_matrix: --------------------Processing Sample SC6 TMS--------------------
2026-07-07 15:53:54,063 [INFO] src.intensity_matrix: Skipped Threonine peak in SC6 TMS sample due to RT invalid
2026-07-07 15:53:54,063 [INFO] src.intensity_matrix: Skipped Aspartate 2TMS peak in SC6 TMS sample due to RT invalid
2026-07-07 15:53:54,063 [INFO] src.intensity_matrix: Skipped Glutamate 2TMS peak in SC6 TMS sample due to RT invalid
2026-07-07 15:53:54,063 [INFO] src.intensity_matrix: Skipped Asparagine 2TMS peak in SC6 TMS sample due to RT invalid
2026-07-07 15:53:54,063 [INFO] src.intensity_matrix: Skipped Lauric peak in SC6 TMS sample due to RT invalid
2026-07-07 15:53:54,063 [INFO] src.intensity_matrix: Skipped Serine 2TMS peak in SC6 TMS sample due to RT invalid
2026-07-07 15:53:54,063 [INFO] src.intensity_matrix: Skipped Taurine peak in SC6 TMS sample due to RT invalid
2026-07-07 15:53:54,063 [INFO] src.intensity_matrix: Skipped Glycerol-3-Phosphate peak in SC6 TMS sample due to RT invalid
2026-07-07 15:53:54,063 [INFO] src.intensity_matrix: Skipped Glycerol-3-phosphate peak in SC6 TMS sample due to RT invalid
2026-07-07 15:53:54,063 [INFO] src.intensity_matrix: Skipped Lysine 4TMS peak in SC6 TMS sample due to RT invalid
2026-07-07 15:53:54,063 [INFO] src.intensity_matrix: Skipped Tyrosine 3TMS peak in SC6 TMS sample due to RT invalid
2026-07-07 15:53:54,063 [INFO] src.intensity_matrix: Skipped heptadecanoic peak in SC6 TMS sample due to RT invalid
2026-07-07 15:53:54,063 [INFO] src.intensity_matrix: Skipped Linoleate peak in SC6 TMS sample due to RT invalid
2026-07-07 15:53:54,063 [INFO] src.intensity_matrix: Skipped Oleate peak in SC6 TMS sample due to RT invalid
2026-07-07 15:53:54,063 [INFO] src.intensity_matrix: Molecules Queried: 42 | Peaks Found: 28 | Pct Found 66.66666666666666
2026-07-07 15:53:57,379 [INFO] src.intensity_matrix: --------------------Processing Sample SC7 TMS--------------------
2026-07-07 15:53:57,380 [INFO] src.intensity_matrix: Skipped Aspartate 2TMS peak in SC7 TMS sample due to RT invalid
2026-07-07 15:53:57,380 [INFO] src.intensity_matrix: Skipped Methionine peak in SC7 TMS sample due to RT invalid
2026-07-07 15:53:57,380 [INFO] src.intensity_matrix: Skipped Glutamate 2TMS peak in SC7 TMS sample due to RT invalid
2026-07-07 15:53:57,380 [INFO] src.intensity_matrix: Skipped Asparagine 2TMS peak in SC7 TMS sample due to RT invalid
2026-07-07 15:53:57,380 [INFO] src.intensity_matrix: Skipped Glutamate 3TMS peak in SC7 TMS sample due to RT invalid
2026-07-07 15:53:57,380 [INFO] src.intensity_matrix: Skipped Serine 2TMS peak in SC7 TMS sample due to RT invalid
2026-07-07 15:53:57,380 [INFO] src.intensity_matrix: Skipped Taurine peak in SC7 TMS sample due to RT invalid
2026-07-07 15:53:57,380 [INFO] src.intensity_matrix: Skipped Glycerol-3-Phosphate peak in SC7 TMS sample due to RT invalid
2026-07-07 15:53:57,380 [INFO] src.intensity_matrix: Skipped Glycerol-3-phosphate peak in SC7 TMS sample due to RT invalid
2026-07-07 15:53:57,380 [INFO] src.intensity_matrix: Skipped Lysine 4TMS peak in SC7 TMS sample due to RT invalid
2026-07-07 15:53:57,380 [INFO] src.intensity_matrix: Skipped Tyrosine 3TMS peak in SC7 TMS sample due to RT invalid
2026-07-07 15:53:57,380 [INFO] src.intensity_matrix: Skipped heptadecanoic peak in SC7 TMS sample due to RT invalid
2026-07-07 15:53:57,380 [INFO] src.intensity_matrix: Skipped Linoleate peak in SC7 TMS sample due to RT invalid
2026-07-07 15:53:57,380 [INFO] src.intensity_matrix: Skipped Oleate peak in SC7 TMS sample due to RT invalid
2026-07-07 15:53:57,380 [INFO] src.intensity_matrix: Molecules Queried: 42 | Peaks Found: 28 | Pct Found 66.66666666666666
2026-07-07 15:54:00,504 [INFO] src.intensity_matrix: --------------------Processing Sample SC8 TMS--------------------
2026-07-07 15:54:00,504 [INFO] src.intensity_matrix: Skipped Aspartate 2TMS peak in SC8 TMS sample due to RT invalid
2026-07-07 15:54:00,505 [INFO] src.intensity_matrix: Skipped Malate peak in SC8 TMS sample due to RT invalid
2026-07-07 15:54:00,505 [INFO] src.intensity_matrix: Skipped Phenylalanine 1TMS peak in SC8 TMS sample due to RT invalid
2026-07-07 15:54:00,505 [INFO] src.intensity_matrix: Skipped Asparagine 2TMS peak in SC8 TMS sample due to RT invalid
2026-07-07 15:54:00,505 [INFO] src.intensity_matrix: Skipped Glutamate 3TMS peak in SC8 TMS sample due to RT invalid
2026-07-07 15:54:00,505 [INFO] src.intensity_matrix: Skipped Serine 2TMS peak in SC8 TMS sample due to RT invalid
2026-07-07 15:54:00,505 [INFO] src.intensity_matrix: Skipped Taurine peak in SC8 TMS sample due to RT invalid
2026-07-07 15:54:00,505 [INFO] src.intensity_matrix: Skipped Glycerol-3-Phosphate peak in SC8 TMS sample due to RT invalid
2026-07-07 15:54:00,505 [INFO] src.intensity_matrix: Skipped Glycerol-3-phosphate peak in SC8 TMS sample due to RT invalid
2026-07-07 15:54:00,505 [INFO] src.intensity_matrix: Skipped Lysine 4TMS peak in SC8 TMS sample due to RT invalid
2026-07-07 15:54:00,505 [INFO] src.intensity_matrix: Skipped Tyrosine 3TMS peak in SC8 TMS sample due to RT invalid
2026-07-07 15:54:00,505 [INFO] src.intensity_matrix: Skipped pentadecanoic peak in SC8 TMS sample due to RT invalid
2026-07-07 15:54:00,505 [INFO] src.intensity_matrix: Skipped heptadecanoic peak in SC8 TMS sample due to RT invalid
2026-07-07 15:54:00,505 [INFO] src.intensity_matrix: Skipped Linoleate peak in SC8 TMS sample due to RT invalid
2026-07-07 15:54:00,505 [INFO] src.intensity_matrix: Skipped Oleate peak in SC8 TMS sample due to RT invalid
2026-07-07 15:54:00,505 [INFO] src.intensity_matrix: Molecules Queried: 42 | Peaks Found: 27 | Pct Found 64.28571428571429
2026-07-07 15:54:03,700 [INFO] src.intensity_matrix: --------------------Processing Sample SC9 TMS--------------------
2026-07-07 15:54:03,700 [INFO] src.intensity_matrix: Skipped Aspartate 2TMS peak in SC9 TMS sample due to RT invalid
2026-07-07 15:54:03,700 [INFO] src.intensity_matrix: Skipped Malate peak in SC9 TMS sample due to RT invalid
2026-07-07 15:54:03,700 [INFO] src.intensity_matrix: Skipped Methionine peak in SC9 TMS sample due to RT invalid
2026-07-07 15:54:03,700 [INFO] src.intensity_matrix: Skipped Asparagine 2TMS peak in SC9 TMS sample due to RT invalid
2026-07-07 15:54:03,700 [INFO] src.intensity_matrix: Skipped Glutamate 3TMS peak in SC9 TMS sample due to RT invalid
2026-07-07 15:54:03,700 [INFO] src.intensity_matrix: Skipped Lauric peak in SC9 TMS sample due to RT invalid
2026-07-07 15:54:03,700 [INFO] src.intensity_matrix: Skipped Serine 2TMS peak in SC9 TMS sample due to RT invalid
2026-07-07 15:54:03,700 [INFO] src.intensity_matrix: Skipped Taurine peak in SC9 TMS sample due to RT invalid
2026-07-07 15:54:03,700 [INFO] src.intensity_matrix: Skipped Glycerol-3-Phosphate peak in SC9 TMS sample due to RT invalid
2026-07-07 15:54:03,700 [INFO] src.intensity_matrix: Skipped Glycerol-3-phosphate peak in SC9 TMS sample due to RT invalid
2026-07-07 15:54:03,700 [INFO] src.intensity_matrix: Skipped Citrate peak in SC9 TMS sample due to RT invalid
2026-07-07 15:54:03,700 [INFO] src.intensity_matrix: Skipped Lysine 3TMS peak in SC9 TMS sample due to RT invalid
2026-07-07 15:54:03,700 [INFO] src.intensity_matrix: Skipped Lysine 4TMS peak in SC9 TMS sample due to RT invalid
2026-07-07 15:54:03,701 [INFO] src.intensity_matrix: Skipped Tyrosine 3TMS peak in SC9 TMS sample due to RT invalid
2026-07-07 15:54:03,701 [INFO] src.intensity_matrix: Skipped pentadecanoic peak in SC9 TMS sample due to RT invalid
2026-07-07 15:54:03,701 [INFO] src.intensity_matrix: Skipped heptadecanoic peak in SC9 TMS sample due to RT invalid
2026-07-07 15:54:03,701 [INFO] src.intensity_matrix: Skipped Linoleate peak in SC9 TMS sample due to RT invalid
2026-07-07 15:54:03,701 [INFO] src.intensity_matrix: Skipped Oleate peak in SC9 TMS sample due to RT invalid
2026-07-07 15:54:03,701 [INFO] src.intensity_matrix: Molecules Queried: 42 | Peaks Found: 24 | Pct Found 57.14285714285714
2026-07-07 15:54:03,789 [WARNING] src.analysis: No nearest neighbors setting detected
2026-07-07 15:54:03,790 [WARNING] src.analysis: No nearest neighbors setting detected
2026-07-07 15:57:20,046 [INFO] src.intensity_matrix: --------------------Processing Sample DERIV TMS--------------------
2026-07-07 15:57:20,047 [INFO] src.intensity_matrix: Skipped Succinate peak in DERIV TMS sample due to RT invalid
2026-07-07 15:57:20,047 [INFO] src.intensity_matrix: Skipped Fumarate peak in DERIV TMS sample due to RT invalid
2026-07-07 15:57:20,047 [INFO] src.intensity_matrix: Skipped Threonine peak in DERIV TMS sample due to RT invalid
2026-07-07 15:57:20,047 [INFO] src.intensity_matrix: Skipped Aspartate 2TMS peak in DERIV TMS sample due to RT invalid
2026-07-07 15:57:20,047 [INFO] src.intensity_matrix: Skipped Malate peak in DERIV TMS sample due to RT invalid
2026-07-07 15:57:20,047 [INFO] src.intensity_matrix: Skipped Aspartate 3TMS peak in DERIV TMS sample due to RT invalid
2026-07-07 15:57:20,047 [INFO] src.intensity_matrix: Skipped Methionine peak in DERIV TMS sample due to RT invalid
2026-07-07 15:57:20,047 [INFO] src.intensity_matrix: Skipped Glutamate 2TMS peak in DERIV TMS sample due to RT invalid
2026-07-07 15:57:20,047 [INFO] src.intensity_matrix: Skipped Asparagine 2TMS peak in DERIV TMS sample due to RT invalid
2026-07-07 15:57:20,047 [INFO] src.intensity_matrix: Skipped Glutamate 3TMS peak in DERIV TMS sample due to RT invalid
2026-07-07 15:57:20,047 [INFO] src.intensity_matrix: Skipped Phenylalanine 2TMS peak in DERIV TMS sample due to RT invalid
2026-07-07 15:57:20,047 [INFO] src.intensity_matrix: Skipped Serine 2TMS peak in DERIV TMS sample due to RT invalid
2026-07-07 15:57:20,047 [INFO] src.intensity_matrix: Skipped Taurine peak in DERIV TMS sample due to RT invalid
2026-07-07 15:57:20,047 [INFO] src.intensity_matrix: Skipped Glycerol-3-Phosphate peak in DERIV TMS sample due to RT invalid
2026-07-07 15:57:20,047 [INFO] src.intensity_matrix: Skipped Glycerol-3-phosphate peak in DERIV TMS sample due to RT invalid
2026-07-07 15:57:20,047 [INFO] src.intensity_matrix: Skipped Citrate peak in DERIV TMS sample due to RT invalid
2026-07-07 15:57:20,047 [INFO] src.intensity_matrix: Skipped Lysine 3TMS peak in DERIV TMS sample due to RT invalid
2026-07-07 15:57:20,047 [INFO] src.intensity_matrix: Skipped Tyrosine 2TMS peak in DERIV TMS sample due to RT invalid
2026-07-07 15:57:20,047 [INFO] src.intensity_matrix: Skipped Lysine 4TMS peak in DERIV TMS sample due to RT invalid
2026-07-07 15:57:20,047 [INFO] src.intensity_matrix: Skipped Tyrosine 3TMS peak in DERIV TMS sample due to RT invalid
2026-07-07 15:57:20,047 [INFO] src.intensity_matrix: Skipped Linoleate peak in DERIV TMS sample due to RT invalid
2026-07-07 15:57:20,047 [INFO] src.intensity_matrix: Skipped Oleate peak in DERIV TMS sample due to RT invalid
2026-07-07 15:57:20,047 [INFO] src.intensity_matrix: Skipped Cholesterol peak in DERIV TMS sample due to RT invalid
2026-07-07 15:57:20,047 [INFO] src.intensity_matrix: Molecules Queried: 42 | Peaks Found: 19 | Pct Found 45.23809523809524
2026-07-07 15:57:26,114 [INFO] src.intensity_matrix: --------------------Processing Sample SC1 TMS--------------------
2026-07-07 15:57:26,114 [INFO] src.intensity_matrix: Molecules Queried: 42 | Peaks Found: 42 | Pct Found 100.0
2026-07-07 15:57:31,469 [INFO] src.intensity_matrix: --------------------Processing Sample SC2 TMS--------------------
2026-07-07 15:57:31,469 [INFO] src.intensity_matrix: Skipped Asparagine 2TMS peak in SC2 TMS sample due to RT invalid
2026-07-07 15:57:31,469 [INFO] src.intensity_matrix: Skipped Serine 2TMS peak in SC2 TMS sample due to RT invalid
2026-07-07 15:57:31,470 [INFO] src.intensity_matrix: Molecules Queried: 42 | Peaks Found: 40 | Pct Found 95.23809523809523
2026-07-07 15:57:36,256 [INFO] src.intensity_matrix: --------------------Processing Sample SC3 TMS--------------------
2026-07-07 15:57:36,257 [INFO] src.intensity_matrix: Skipped Asparagine 2TMS peak in SC3 TMS sample due to RT invalid
2026-07-07 15:57:36,257 [INFO] src.intensity_matrix: Skipped Serine 2TMS peak in SC3 TMS sample due to RT invalid
2026-07-07 15:57:36,257 [INFO] src.intensity_matrix: Skipped Taurine peak in SC3 TMS sample due to RT invalid
2026-07-07 15:57:36,257 [INFO] src.intensity_matrix: Skipped Glycerol-3-phosphate peak in SC3 TMS sample due to RT invalid
2026-07-07 15:57:36,257 [INFO] src.intensity_matrix: Molecules Queried: 42 | Peaks Found: 38 | Pct Found 90.47619047619048
2026-07-07 15:57:40,710 [INFO] src.intensity_matrix: --------------------Processing Sample SC4 TMS--------------------
2026-07-07 15:57:40,711 [INFO] src.intensity_matrix: Skipped Asparagine 2TMS peak in SC4 TMS sample due to RT invalid
2026-07-07 15:57:40,711 [INFO] src.intensity_matrix: Skipped Serine 2TMS peak in SC4 TMS sample due to RT invalid
2026-07-07 15:57:40,711 [INFO] src.intensity_matrix: Skipped Taurine peak in SC4 TMS sample due to RT invalid
2026-07-07 15:57:40,711 [INFO] src.intensity_matrix: Skipped Glycerol-3-Phosphate peak in SC4 TMS sample due to RT invalid
2026-07-07 15:57:40,711 [INFO] src.intensity_matrix: Skipped Glycerol-3-phosphate peak in SC4 TMS sample due to RT invalid
2026-07-07 15:57:40,711 [INFO] src.intensity_matrix: Molecules Queried: 42 | Peaks Found: 37 | Pct Found 88.09523809523809
2026-07-07 15:57:44,222 [INFO] src.intensity_matrix: --------------------Processing Sample SC5 TMS--------------------
2026-07-07 15:57:44,223 [INFO] src.intensity_matrix: Skipped Asparagine 2TMS peak in SC5 TMS sample due to RT invalid
2026-07-07 15:57:44,223 [INFO] src.intensity_matrix: Skipped Lauric peak in SC5 TMS sample due to RT invalid
2026-07-07 15:57:44,223 [INFO] src.intensity_matrix: Skipped Serine 2TMS peak in SC5 TMS sample due to RT invalid
2026-07-07 15:57:44,223 [INFO] src.intensity_matrix: Skipped Taurine peak in SC5 TMS sample due to RT invalid
2026-07-07 15:57:44,223 [INFO] src.intensity_matrix: Skipped Glycerol-3-Phosphate peak in SC5 TMS sample due to RT invalid
2026-07-07 15:57:44,223 [INFO] src.intensity_matrix: Skipped Glycerol-3-phosphate peak in SC5 TMS sample due to RT invalid
2026-07-07 15:57:44,223 [INFO] src.intensity_matrix: Skipped Lysine 4TMS peak in SC5 TMS sample due to RT invalid
2026-07-07 15:57:44,223 [INFO] src.intensity_matrix: Skipped Tyrosine 3TMS peak in SC5 TMS sample due to RT invalid
2026-07-07 15:57:44,223 [INFO] src.intensity_matrix: Skipped Linoleate peak in SC5 TMS sample due to RT invalid
2026-07-07 15:57:44,223 [INFO] src.intensity_matrix: Skipped Oleate peak in SC5 TMS sample due to RT invalid
2026-07-07 15:57:44,223 [INFO] src.intensity_matrix: Molecules Queried: 42 | Peaks Found: 32 | Pct Found 76.19047619047619
2026-07-07 15:57:47,979 [INFO] src.intensity_matrix: --------------------Processing Sample SC6 TMS--------------------
2026-07-07 15:57:47,979 [INFO] src.intensity_matrix: Skipped Threonine peak in SC6 TMS sample due to RT invalid
2026-07-07 15:57:47,979 [INFO] src.intensity_matrix: Skipped Aspartate 2TMS peak in SC6 TMS sample due to RT invalid
2026-07-07 15:57:47,979 [INFO] src.intensity_matrix: Skipped Glutamate 2TMS peak in SC6 TMS sample due to RT invalid
2026-07-07 15:57:47,979 [INFO] src.intensity_matrix: Skipped Asparagine 2TMS peak in SC6 TMS sample due to RT invalid
2026-07-07 15:57:47,979 [INFO] src.intensity_matrix: Skipped Lauric peak in SC6 TMS sample due to RT invalid
2026-07-07 15:57:47,981 [INFO] src.intensity_matrix: Skipped Serine 2TMS peak in SC6 TMS sample due to RT invalid
2026-07-07 15:57:47,981 [INFO] src.intensity_matrix: Skipped Taurine peak in SC6 TMS sample due to RT invalid
2026-07-07 15:57:47,981 [INFO] src.intensity_matrix: Skipped Glycerol-3-Phosphate peak in SC6 TMS sample due to RT invalid
2026-07-07 15:57:47,981 [INFO] src.intensity_matrix: Skipped Glycerol-3-phosphate peak in SC6 TMS sample due to RT invalid
2026-07-07 15:57:47,981 [INFO] src.intensity_matrix: Skipped Lysine 4TMS peak in SC6 TMS sample due to RT invalid
2026-07-07 15:57:47,981 [INFO] src.intensity_matrix: Skipped Tyrosine 3TMS peak in SC6 TMS sample due to RT invalid
2026-07-07 15:57:47,981 [INFO] src.intensity_matrix: Skipped heptadecanoic peak in SC6 TMS sample due to RT invalid
2026-07-07 15:57:47,981 [INFO] src.intensity_matrix: Skipped Linoleate peak in SC6 TMS sample due to RT invalid
2026-07-07 15:57:47,981 [INFO] src.intensity_matrix: Skipped Oleate peak in SC6 TMS sample due to RT invalid
2026-07-07 15:57:47,981 [INFO] src.intensity_matrix: Molecules Queried: 42 | Peaks Found: 28 | Pct Found 66.66666666666666
2026-07-07 15:57:51,299 [INFO] src.intensity_matrix: --------------------Processing Sample SC7 TMS--------------------
2026-07-07 15:57:51,299 [INFO] src.intensity_matrix: Skipped Aspartate 2TMS peak in SC7 TMS sample due to RT invalid
2026-07-07 15:57:51,299 [INFO] src.intensity_matrix: Skipped Methionine peak in SC7 TMS sample due to RT invalid
2026-07-07 15:57:51,299 [INFO] src.intensity_matrix: Skipped Glutamate 2TMS peak in SC7 TMS sample due to RT invalid
2026-07-07 15:57:51,299 [INFO] src.intensity_matrix: Skipped Asparagine 2TMS peak in SC7 TMS sample due to RT invalid
2026-07-07 15:57:51,299 [INFO] src.intensity_matrix: Skipped Glutamate 3TMS peak in SC7 TMS sample due to RT invalid
2026-07-07 15:57:51,299 [INFO] src.intensity_matrix: Skipped Serine 2TMS peak in SC7 TMS sample due to RT invalid
2026-07-07 15:57:51,299 [INFO] src.intensity_matrix: Skipped Taurine peak in SC7 TMS sample due to RT invalid
2026-07-07 15:57:51,299 [INFO] src.intensity_matrix: Skipped Glycerol-3-Phosphate peak in SC7 TMS sample due to RT invalid
2026-07-07 15:57:51,299 [INFO] src.intensity_matrix: Skipped Glycerol-3-phosphate peak in SC7 TMS sample due to RT invalid
2026-07-07 15:57:51,299 [INFO] src.intensity_matrix: Skipped Lysine 4TMS peak in SC7 TMS sample due to RT invalid
2026-07-07 15:57:51,299 [INFO] src.intensity_matrix: Skipped Tyrosine 3TMS peak in SC7 TMS sample due to RT invalid
2026-07-07 15:57:51,299 [INFO] src.intensity_matrix: Skipped heptadecanoic peak in SC7 TMS sample due to RT invalid
2026-07-07 15:57:51,299 [INFO] src.intensity_matrix: Skipped Linoleate peak in SC7 TMS sample due to RT invalid
2026-07-07 15:57:51,299 [INFO] src.intensity_matrix: Skipped Oleate peak in SC7 TMS sample due to RT invalid
2026-07-07 15:57:51,299 [INFO] src.intensity_matrix: Molecules Queried: 42 | Peaks Found: 28 | Pct Found 66.66666666666666
2026-07-07 15:57:54,419 [INFO] src.intensity_matrix: --------------------Processing Sample SC8 TMS--------------------
2026-07-07 15:57:54,420 [INFO] src.intensity_matrix: Skipped Aspartate 2TMS peak in SC8 TMS sample due to RT invalid
2026-07-07 15:57:54,420 [INFO] src.intensity_matrix: Skipped Malate peak in SC8 TMS sample due to RT invalid
2026-07-07 15:57:54,420 [INFO] src.intensity_matrix: Skipped Phenylalanine 1TMS peak in SC8 TMS sample due to RT invalid
2026-07-07 15:57:54,420 [INFO] src.intensity_matrix: Skipped Asparagine 2TMS peak in SC8 TMS sample due to RT invalid
2026-07-07 15:57:54,420 [INFO] src.intensity_matrix: Skipped Glutamate 3TMS peak in SC8 TMS sample due to RT invalid
2026-07-07 15:57:54,420 [INFO] src.intensity_matrix: Skipped Serine 2TMS peak in SC8 TMS sample due to RT invalid
2026-07-07 15:57:54,420 [INFO] src.intensity_matrix: Skipped Taurine peak in SC8 TMS sample due to RT invalid
2026-07-07 15:57:54,420 [INFO] src.intensity_matrix: Skipped Glycerol-3-Phosphate peak in SC8 TMS sample due to RT invalid
2026-07-07 15:57:54,420 [INFO] src.intensity_matrix: Skipped Glycerol-3-phosphate peak in SC8 TMS sample due to RT invalid
2026-07-07 15:57:54,420 [INFO] src.intensity_matrix: Skipped Lysine 4TMS peak in SC8 TMS sample due to RT invalid
2026-07-07 15:57:54,420 [INFO] src.intensity_matrix: Skipped Tyrosine 3TMS peak in SC8 TMS sample due to RT invalid
2026-07-07 15:57:54,420 [INFO] src.intensity_matrix: Skipped pentadecanoic peak in SC8 TMS sample due to RT invalid
2026-07-07 15:57:54,420 [INFO] src.intensity_matrix: Skipped heptadecanoic peak in SC8 TMS sample due to RT invalid
2026-07-07 15:57:54,420 [INFO] src.intensity_matrix: Skipped Linoleate peak in SC8 TMS sample due to RT invalid
2026-07-07 15:57:54,420 [INFO] src.intensity_matrix: Skipped Oleate peak in SC8 TMS sample due to RT invalid
2026-07-07 15:57:54,420 [INFO] src.intensity_matrix: Molecules Queried: 42 | Peaks Found: 27 | Pct Found 64.28571428571429
2026-07-07 15:57:57,631 [INFO] src.intensity_matrix: --------------------Processing Sample SC9 TMS--------------------
2026-07-07 15:57:57,632 [INFO] src.intensity_matrix: Skipped Aspartate 2TMS peak in SC9 TMS sample due to RT invalid
2026-07-07 15:57:57,632 [INFO] src.intensity_matrix: Skipped Malate peak in SC9 TMS sample due to RT invalid
2026-07-07 15:57:57,632 [INFO] src.intensity_matrix: Skipped Methionine peak in SC9 TMS sample due to RT invalid
2026-07-07 15:57:57,632 [INFO] src.intensity_matrix: Skipped Asparagine 2TMS peak in SC9 TMS sample due to RT invalid
2026-07-07 15:57:57,632 [INFO] src.intensity_matrix: Skipped Glutamate 3TMS peak in SC9 TMS sample due to RT invalid
2026-07-07 15:57:57,632 [INFO] src.intensity_matrix: Skipped Lauric peak in SC9 TMS sample due to RT invalid
2026-07-07 15:57:57,632 [INFO] src.intensity_matrix: Skipped Serine 2TMS peak in SC9 TMS sample due to RT invalid
2026-07-07 15:57:57,632 [INFO] src.intensity_matrix: Skipped Taurine peak in SC9 TMS sample due to RT invalid
2026-07-07 15:57:57,632 [INFO] src.intensity_matrix: Skipped Glycerol-3-Phosphate peak in SC9 TMS sample due to RT invalid
2026-07-07 15:57:57,632 [INFO] src.intensity_matrix: Skipped Glycerol-3-phosphate peak in SC9 TMS sample due to RT invalid
2026-07-07 15:57:57,632 [INFO] src.intensity_matrix: Skipped Citrate peak in SC9 TMS sample due to RT invalid
2026-07-07 15:57:57,632 [INFO] src.intensity_matrix: Skipped Lysine 3TMS peak in SC9 TMS sample due to RT invalid
2026-07-07 15:57:57,632 [INFO] src.intensity_matrix: Skipped Lysine 4TMS peak in SC9 TMS sample due to RT invalid
2026-07-07 15:57:57,632 [INFO] src.intensity_matrix: Skipped Tyrosine 3TMS peak in SC9 TMS sample due to RT invalid
2026-07-07 15:57:57,632 [INFO] src.intensity_matrix: Skipped pentadecanoic peak in SC9 TMS sample due to RT invalid
2026-07-07 15:57:57,632 [INFO] src.intensity_matrix: Skipped heptadecanoic peak in SC9 TMS sample due to RT invalid
2026-07-07 15:57:57,632 [INFO] src.intensity_matrix: Skipped Linoleate peak in SC9 TMS sample due to RT invalid
2026-07-07 15:57:57,632 [INFO] src.intensity_matrix: Skipped Oleate peak in SC9 TMS sample due to RT invalid
2026-07-07 15:57:57,632 [INFO] src.intensity_matrix: Molecules Queried: 42 | Peaks Found: 24 | Pct Found 57.14285714285714
2026-07-07 15:57:57,718 [WARNING] src.analysis: No nearest neighbors setting detected
2026-07-07 15:57:57,718 [WARNING] src.analysis: No nearest neighbors setting detected
2026-07-07 15:59:49,952 [INFO] src.intensity_matrix: --------------------Processing Sample DERIV TMS--------------------
2026-07-07 15:59:49,953 [INFO] src.intensity_matrix: Skipped Succinate peak in DERIV TMS sample due to RT invalid
2026-07-07 15:59:49,953 [INFO] src.intensity_matrix: Skipped Fumarate peak in DERIV TMS sample due to RT invalid
2026-07-07 15:59:49,953 [INFO] src.intensity_matrix: Skipped Threonine peak in DERIV TMS sample due to RT invalid
2026-07-07 15:59:49,953 [INFO] src.intensity_matrix: Skipped Aspartate 2TMS peak in DERIV TMS sample due to RT invalid
2026-07-07 15:59:49,953 [INFO] src.intensity_matrix: Skipped Malate peak in DERIV TMS sample due to RT invalid
2026-07-07 15:59:49,953 [INFO] src.intensity_matrix: Skipped Aspartate 3TMS peak in DERIV TMS sample due to RT invalid
2026-07-07 15:59:49,953 [INFO] src.intensity_matrix: Skipped Methionine peak in DERIV TMS sample due to RT invalid
2026-07-07 15:59:49,953 [INFO] src.intensity_matrix: Skipped Glutamate 2TMS peak in DERIV TMS sample due to RT invalid
2026-07-07 15:59:49,953 [INFO] src.intensity_matrix: Skipped Asparagine 2TMS peak in DERIV TMS sample due to RT invalid
2026-07-07 15:59:49,953 [INFO] src.intensity_matrix: Skipped Glutamate 3TMS peak in DERIV TMS sample due to RT invalid
2026-07-07 15:59:49,953 [INFO] src.intensity_matrix: Skipped Phenylalanine 2TMS peak in DERIV TMS sample due to RT invalid
2026-07-07 15:59:49,953 [INFO] src.intensity_matrix: Skipped Serine 2TMS peak in DERIV TMS sample due to RT invalid
2026-07-07 15:59:49,953 [INFO] src.intensity_matrix: Skipped Taurine peak in DERIV TMS sample due to RT invalid
2026-07-07 15:59:49,953 [INFO] src.intensity_matrix: Skipped Glycerol-3-Phosphate peak in DERIV TMS sample due to RT invalid
2026-07-07 15:59:49,953 [INFO] src.intensity_matrix: Skipped Glycerol-3-phosphate peak in DERIV TMS sample due to RT invalid
2026-07-07 15:59:49,953 [INFO] src.intensity_matrix: Skipped Citrate peak in DERIV TMS sample due to RT invalid
2026-07-07 15:59:49,953 [INFO] src.intensity_matrix: Skipped Lysine 3TMS peak in DERIV TMS sample due to RT invalid
2026-07-07 15:59:49,953 [INFO] src.intensity_matrix: Skipped Tyrosine 2TMS peak in DERIV TMS sample due to RT invalid
2026-07-07 15:59:49,953 [INFO] src.intensity_matrix: Skipped Lysine 4TMS peak in DERIV TMS sample due to RT invalid
2026-07-07 15:59:49,953 [INFO] src.intensity_matrix: Skipped Tyrosine 3TMS peak in DERIV TMS sample due to RT invalid
2026-07-07 15:59:49,953 [INFO] src.intensity_matrix: Skipped Linoleate peak in DERIV TMS sample due to RT invalid
2026-07-07 15:59:49,953 [INFO] src.intensity_matrix: Skipped Oleate peak in DERIV TMS sample due to RT invalid
2026-07-07 15:59:49,953 [INFO] src.intensity_matrix: Skipped Cholesterol peak in DERIV TMS sample due to RT invalid
2026-07-07 15:59:49,953 [INFO] src.intensity_matrix: Molecules Queried: 42 | Peaks Found: 19 | Pct Found 45.23809523809524
2026-07-07 15:59:56,035 [INFO] src.intensity_matrix: --------------------Processing Sample SC1 TMS--------------------
2026-07-07 15:59:56,035 [INFO] src.intensity_matrix: Molecules Queried: 42 | Peaks Found: 42 | Pct Found 100.0
2026-07-07 16:00:01,428 [INFO] src.intensity_matrix: --------------------Processing Sample SC2 TMS--------------------
2026-07-07 16:00:01,429 [INFO] src.intensity_matrix: Skipped Asparagine 2TMS peak in SC2 TMS sample due to RT invalid
2026-07-07 16:00:01,429 [INFO] src.intensity_matrix: Skipped Serine 2TMS peak in SC2 TMS sample due to RT invalid
2026-07-07 16:00:01,429 [INFO] src.intensity_matrix: Molecules Queried: 42 | Peaks Found: 40 | Pct Found 95.23809523809523
2026-07-07 16:00:06,252 [INFO] src.intensity_matrix: --------------------Processing Sample SC3 TMS--------------------
2026-07-07 16:00:06,253 [INFO] src.intensity_matrix: Skipped Asparagine 2TMS peak in SC3 TMS sample due to RT invalid
2026-07-07 16:00:06,253 [INFO] src.intensity_matrix: Skipped Serine 2TMS peak in SC3 TMS sample due to RT invalid
2026-07-07 16:00:06,253 [INFO] src.intensity_matrix: Skipped Taurine peak in SC3 TMS sample due to RT invalid
2026-07-07 16:00:06,253 [INFO] src.intensity_matrix: Skipped Glycerol-3-phosphate peak in SC3 TMS sample due to RT invalid
2026-07-07 16:00:06,253 [INFO] src.intensity_matrix: Molecules Queried: 42 | Peaks Found: 38 | Pct Found 90.47619047619048
2026-07-07 16:00:10,769 [INFO] src.intensity_matrix: --------------------Processing Sample SC4 TMS--------------------
2026-07-07 16:00:10,770 [INFO] src.intensity_matrix: Skipped Asparagine 2TMS peak in SC4 TMS sample due to RT invalid
2026-07-07 16:00:10,770 [INFO] src.intensity_matrix: Skipped Serine 2TMS peak in SC4 TMS sample due to RT invalid
2026-07-07 16:00:10,770 [INFO] src.intensity_matrix: Skipped Taurine peak in SC4 TMS sample due to RT invalid
2026-07-07 16:00:10,770 [INFO] src.intensity_matrix: Skipped Glycerol-3-Phosphate peak in SC4 TMS sample due to RT invalid
2026-07-07 16:00:10,770 [INFO] src.intensity_matrix: Skipped Glycerol-3-phosphate peak in SC4 TMS sample due to RT invalid
2026-07-07 16:00:10,770 [INFO] src.intensity_matrix: Molecules Queried: 42 | Peaks Found: 37 | Pct Found 88.09523809523809
2026-07-07 16:00:15,104 [INFO] src.intensity_matrix: --------------------Processing Sample SC5 TMS--------------------
2026-07-07 16:00:15,104 [INFO] src.intensity_matrix: Skipped Asparagine 2TMS peak in SC5 TMS sample due to RT invalid
2026-07-07 16:00:15,104 [INFO] src.intensity_matrix: Skipped Lauric peak in SC5 TMS sample due to RT invalid
2026-07-07 16:00:15,104 [INFO] src.intensity_matrix: Skipped Serine 2TMS peak in SC5 TMS sample due to RT invalid
2026-07-07 16:00:15,104 [INFO] src.intensity_matrix: Skipped Taurine peak in SC5 TMS sample due to RT invalid
2026-07-07 16:00:15,104 [INFO] src.intensity_matrix: Skipped Glycerol-3-Phosphate peak in SC5 TMS sample due to RT invalid
2026-07-07 16:00:15,104 [INFO] src.intensity_matrix: Skipped Glycerol-3-phosphate peak in SC5 TMS sample due to RT invalid
2026-07-07 16:00:15,104 [INFO] src.intensity_matrix: Skipped Lysine 4TMS peak in SC5 TMS sample due to RT invalid
2026-07-07 16:00:15,104 [INFO] src.intensity_matrix: Skipped Tyrosine 3TMS peak in SC5 TMS sample due to RT invalid
2026-07-07 16:00:15,104 [INFO] src.intensity_matrix: Skipped Linoleate peak in SC5 TMS sample due to RT invalid
2026-07-07 16:00:15,104 [INFO] src.intensity_matrix: Skipped Oleate peak in SC5 TMS sample due to RT invalid
2026-07-07 16:00:15,104 [INFO] src.intensity_matrix: Molecules Queried: 42 | Peaks Found: 32 | Pct Found 76.19047619047619
2026-07-07 16:00:19,150 [INFO] src.intensity_matrix: --------------------Processing Sample SC6 TMS--------------------
2026-07-07 16:00:19,151 [INFO] src.intensity_matrix: Skipped Threonine peak in SC6 TMS sample due to RT invalid
2026-07-07 16:00:19,151 [INFO] src.intensity_matrix: Skipped Aspartate 2TMS peak in SC6 TMS sample due to RT invalid
2026-07-07 16:00:19,151 [INFO] src.intensity_matrix: Skipped Glutamate 2TMS peak in SC6 TMS sample due to RT invalid
2026-07-07 16:00:19,151 [INFO] src.intensity_matrix: Skipped Asparagine 2TMS peak in SC6 TMS sample due to RT invalid
2026-07-07 16:00:19,151 [INFO] src.intensity_matrix: Skipped Lauric peak in SC6 TMS sample due to RT invalid
2026-07-07 16:00:19,151 [INFO] src.intensity_matrix: Skipped Serine 2TMS peak in SC6 TMS sample due to RT invalid
2026-07-07 16:00:19,151 [INFO] src.intensity_matrix: Skipped Taurine peak in SC6 TMS sample due to RT invalid
2026-07-07 16:00:19,151 [INFO] src.intensity_matrix: Skipped Glycerol-3-Phosphate peak in SC6 TMS sample due to RT invalid
2026-07-07 16:00:19,151 [INFO] src.intensity_matrix: Skipped Glycerol-3-phosphate peak in SC6 TMS sample due to RT invalid
2026-07-07 16:00:19,151 [INFO] src.intensity_matrix: Skipped Lysine 4TMS peak in SC6 TMS sample due to RT invalid
2026-07-07 16:00:19,151 [INFO] src.intensity_matrix: Skipped Tyrosine 3TMS peak in SC6 TMS sample due to RT invalid
2026-07-07 16:00:19,151 [INFO] src.intensity_matrix: Skipped heptadecanoic peak in SC6 TMS sample due to RT invalid
2026-07-07 16:00:19,151 [INFO] src.intensity_matrix: Skipped Linoleate peak in SC6 TMS sample due to RT invalid
2026-07-07 16:00:19,151 [INFO] src.intensity_matrix: Skipped Oleate peak in SC6 TMS sample due to RT invalid
2026-07-07 16:00:19,151 [INFO] src.intensity_matrix: Molecules Queried: 42 | Peaks Found: 28 | Pct Found 66.66666666666666
2026-07-07 16:00:22,701 [INFO] src.intensity_matrix: --------------------Processing Sample SC7 TMS--------------------
2026-07-07 16:00:22,701 [INFO] src.intensity_matrix: Skipped Aspartate 2TMS peak in SC7 TMS sample due to RT invalid
2026-07-07 16:00:22,701 [INFO] src.intensity_matrix: Skipped Methionine peak in SC7 TMS sample due to RT invalid
2026-07-07 16:00:22,701 [INFO] src.intensity_matrix: Skipped Glutamate 2TMS peak in SC7 TMS sample due to RT invalid
2026-07-07 16:00:22,701 [INFO] src.intensity_matrix: Skipped Asparagine 2TMS peak in SC7 TMS sample due to RT invalid
2026-07-07 16:00:22,701 [INFO] src.intensity_matrix: Skipped Glutamate 3TMS peak in SC7 TMS sample due to RT invalid
2026-07-07 16:00:22,701 [INFO] src.intensity_matrix: Skipped Serine 2TMS peak in SC7 TMS sample due to RT invalid
2026-07-07 16:00:22,701 [INFO] src.intensity_matrix: Skipped Taurine peak in SC7 TMS sample due to RT invalid
2026-07-07 16:00:22,701 [INFO] src.intensity_matrix: Skipped Glycerol-3-Phosphate peak in SC7 TMS sample due to RT invalid
2026-07-07 16:00:22,701 [INFO] src.intensity_matrix: Skipped Glycerol-3-phosphate peak in SC7 TMS sample due to RT invalid
2026-07-07 16:00:22,701 [INFO] src.intensity_matrix: Skipped Lysine 4TMS peak in SC7 TMS sample due to RT invalid
2026-07-07 16:00:22,701 [INFO] src.intensity_matrix: Skipped Tyrosine 3TMS peak in SC7 TMS sample due to RT invalid
2026-07-07 16:00:22,701 [INFO] src.intensity_matrix: Skipped heptadecanoic peak in SC7 TMS sample due to RT invalid
2026-07-07 16:00:22,701 [INFO] src.intensity_matrix: Skipped Linoleate peak in SC7 TMS sample due to RT invalid
2026-07-07 16:00:22,701 [INFO] src.intensity_matrix: Skipped Oleate peak in SC7 TMS sample due to RT invalid
2026-07-07 16:00:22,701 [INFO] src.intensity_matrix: Molecules Queried: 42 | Peaks Found: 28 | Pct Found 66.66666666666666
2026-07-07 16:00:25,984 [INFO] src.intensity_matrix: --------------------Processing Sample SC8 TMS--------------------
2026-07-07 16:00:25,985 [INFO] src.intensity_matrix: Skipped Aspartate 2TMS peak in SC8 TMS sample due to RT invalid
2026-07-07 16:00:25,985 [INFO] src.intensity_matrix: Skipped Malate peak in SC8 TMS sample due to RT invalid
2026-07-07 16:00:25,985 [INFO] src.intensity_matrix: Skipped Phenylalanine 1TMS peak in SC8 TMS sample due to RT invalid
2026-07-07 16:00:25,985 [INFO] src.intensity_matrix: Skipped Asparagine 2TMS peak in SC8 TMS sample due to RT invalid
2026-07-07 16:00:25,985 [INFO] src.intensity_matrix: Skipped Glutamate 3TMS peak in SC8 TMS sample due to RT invalid
2026-07-07 16:00:25,985 [INFO] src.intensity_matrix: Skipped Serine 2TMS peak in SC8 TMS sample due to RT invalid
2026-07-07 16:00:25,985 [INFO] src.intensity_matrix: Skipped Taurine peak in SC8 TMS sample due to RT invalid
2026-07-07 16:00:25,985 [INFO] src.intensity_matrix: Skipped Glycerol-3-Phosphate peak in SC8 TMS sample due to RT invalid
2026-07-07 16:00:25,985 [INFO] src.intensity_matrix: Skipped Glycerol-3-phosphate peak in SC8 TMS sample due to RT invalid
2026-07-07 16:00:25,985 [INFO] src.intensity_matrix: Skipped Lysine 4TMS peak in SC8 TMS sample due to RT invalid
2026-07-07 16:00:25,985 [INFO] src.intensity_matrix: Skipped Tyrosine 3TMS peak in SC8 TMS sample due to RT invalid
2026-07-07 16:00:25,985 [INFO] src.intensity_matrix: Skipped pentadecanoic peak in SC8 TMS sample due to RT invalid
2026-07-07 16:00:25,985 [INFO] src.intensity_matrix: Skipped heptadecanoic peak in SC8 TMS sample due to RT invalid
2026-07-07 16:00:25,985 [INFO] src.intensity_matrix: Skipped Linoleate peak in SC8 TMS sample due to RT invalid
2026-07-07 16:00:25,985 [INFO] src.intensity_matrix: Skipped Oleate peak in SC8 TMS sample due to RT invalid
2026-07-07 16:00:25,985 [INFO] src.intensity_matrix: Molecules Queried: 42 | Peaks Found: 27 | Pct Found 64.28571428571429
2026-07-07 16:00:29,381 [INFO] src.intensity_matrix: --------------------Processing Sample SC9 TMS--------------------
2026-07-07 16:00:29,381 [INFO] src.intensity_matrix: Skipped Aspartate 2TMS peak in SC9 TMS sample due to RT invalid
2026-07-07 16:00:29,381 [INFO] src.intensity_matrix: Skipped Malate peak in SC9 TMS sample due to RT invalid
2026-07-07 16:00:29,381 [INFO] src.intensity_matrix: Skipped Methionine peak in SC9 TMS sample due to RT invalid
2026-07-07 16:00:29,381 [INFO] src.intensity_matrix: Skipped Asparagine 2TMS peak in SC9 TMS sample due to RT invalid
2026-07-07 16:00:29,381 [INFO] src.intensity_matrix: Skipped Glutamate 3TMS peak in SC9 TMS sample due to RT invalid
2026-07-07 16:00:29,381 [INFO] src.intensity_matrix: Skipped Lauric peak in SC9 TMS sample due to RT invalid
2026-07-07 16:00:29,381 [INFO] src.intensity_matrix: Skipped Serine 2TMS peak in SC9 TMS sample due to RT invalid
2026-07-07 16:00:29,381 [INFO] src.intensity_matrix: Skipped Taurine peak in SC9 TMS sample due to RT invalid
2026-07-07 16:00:29,381 [INFO] src.intensity_matrix: Skipped Glycerol-3-Phosphate peak in SC9 TMS sample due to RT invalid
2026-07-07 16:00:29,381 [INFO] src.intensity_matrix: Skipped Glycerol-3-phosphate peak in SC9 TMS sample due to RT invalid
2026-07-07 16:00:29,381 [INFO] src.intensity_matrix: Skipped Citrate peak in SC9 TMS sample due to RT invalid
2026-07-07 16:00:29,381 [INFO] src.intensity_matrix: Skipped Lysine 3TMS peak in SC9 TMS sample due to RT invalid
2026-07-07 16:00:29,381 [INFO] src.intensity_matrix: Skipped Lysine 4TMS peak in SC9 TMS sample due to RT invalid
2026-07-07 16:00:29,381 [INFO] src.intensity_matrix: Skipped Tyrosine 3TMS peak in SC9 TMS sample due to RT invalid
2026-07-07 16:00:29,381 [INFO] src.intensity_matrix: Skipped pentadecanoic peak in SC9 TMS sample due to RT invalid
2026-07-07 16:00:29,381 [INFO] src.intensity_matrix: Skipped heptadecanoic peak in SC9 TMS sample due to RT invalid
2026-07-07 16:00:29,381 [INFO] src.intensity_matrix: Skipped Linoleate peak in SC9 TMS sample due to RT invalid
2026-07-07 16:00:29,381 [INFO] src.intensity_matrix: Skipped Oleate peak in SC9 TMS sample due to RT invalid
2026-07-07 16:00:29,381 [INFO] src.intensity_matrix: Molecules Queried: 42 | Peaks Found: 24 | Pct Found 57.14285714285714
2026-07-07 16:00:29,471 [WARNING] src.analysis: No nearest neighbors setting detected
2026-07-07 16:00:29,472 [WARNING] src.analysis: No nearest neighbors setting detected
2026-07-07 16:02:54,578 [INFO] src.intensity_matrix: --------------------Processing Sample DERIV TMS--------------------
2026-07-07 16:02:54,578 [INFO] src.intensity_matrix: Skipped Succinate peak in DERIV TMS sample due to RT invalid
2026-07-07 16:02:54,578 [INFO] src.intensity_matrix: Skipped Fumarate peak in DERIV TMS sample due to RT invalid
2026-07-07 16:02:54,578 [INFO] src.intensity_matrix: Skipped Threonine peak in DERIV TMS sample due to RT invalid
2026-07-07 16:02:54,578 [INFO] src.intensity_matrix: Skipped Aspartate 2TMS peak in DERIV TMS sample due to RT invalid
2026-07-07 16:02:54,578 [INFO] src.intensity_matrix: Skipped Malate peak in DERIV TMS sample due to RT invalid
2026-07-07 16:02:54,579 [INFO] src.intensity_matrix: Skipped Aspartate 3TMS peak in DERIV TMS sample due to RT invalid
2026-07-07 16:02:54,579 [INFO] src.intensity_matrix: Skipped Methionine peak in DERIV TMS sample due to RT invalid
2026-07-07 16:02:54,579 [INFO] src.intensity_matrix: Skipped Glutamate 2TMS peak in DERIV TMS sample due to RT invalid
2026-07-07 16:02:54,579 [INFO] src.intensity_matrix: Skipped Asparagine 2TMS peak in DERIV TMS sample due to RT invalid
2026-07-07 16:02:54,579 [INFO] src.intensity_matrix: Skipped Glutamate 3TMS peak in DERIV TMS sample due to RT invalid
2026-07-07 16:02:54,579 [INFO] src.intensity_matrix: Skipped Phenylalanine 2TMS peak in DERIV TMS sample due to RT invalid
2026-07-07 16:02:54,579 [INFO] src.intensity_matrix: Skipped Serine 2TMS peak in DERIV TMS sample due to RT invalid
2026-07-07 16:02:54,579 [INFO] src.intensity_matrix: Skipped Taurine peak in DERIV TMS sample due to RT invalid
2026-07-07 16:02:54,579 [INFO] src.intensity_matrix: Skipped Glycerol-3-Phosphate peak in DERIV TMS sample due to RT invalid
2026-07-07 16:02:54,579 [INFO] src.intensity_matrix: Skipped Glycerol-3-phosphate peak in DERIV TMS sample due to RT invalid
2026-07-07 16:02:54,579 [INFO] src.intensity_matrix: Skipped Citrate peak in DERIV TMS sample due to RT invalid
2026-07-07 16:02:54,579 [INFO] src.intensity_matrix: Skipped Lysine 3TMS peak in DERIV TMS sample due to RT invalid
2026-07-07 16:02:54,579 [INFO] src.intensity_matrix: Skipped Tyrosine 2TMS peak in DERIV TMS sample due to RT invalid
2026-07-07 16:02:54,579 [INFO] src.intensity_matrix: Skipped Lysine 4TMS peak in DERIV TMS sample due to RT invalid
2026-07-07 16:02:54,579 [INFO] src.intensity_matrix: Skipped Tyrosine 3TMS peak in DERIV TMS sample due to RT invalid
2026-07-07 16:02:54,579 [INFO] src.intensity_matrix: Skipped Linoleate peak in DERIV TMS sample due to RT invalid
2026-07-07 16:02:54,579 [INFO] src.intensity_matrix: Skipped Oleate peak in DERIV TMS sample due to RT invalid
2026-07-07 16:02:54,579 [INFO] src.intensity_matrix: Skipped Cholesterol peak in DERIV TMS sample due to RT invalid
2026-07-07 16:02:54,579 [INFO] src.intensity_matrix: Molecules Queried: 42 | Peaks Found: 19 | Pct Found 45.23809523809524
2026-07-07 16:03:08,540 [INFO] src.intensity_matrix: --------------------Processing Sample SC1 TMS--------------------
2026-07-07 16:03:08,543 [INFO] src.intensity_matrix: Molecules Queried: 42 | Peaks Found: 42 | Pct Found 100.0
2026-07-07 16:03:23,443 [INFO] src.intensity_matrix: --------------------Processing Sample SC2 TMS--------------------
2026-07-07 16:03:23,445 [INFO] src.intensity_matrix: Skipped Asparagine 2TMS peak in SC2 TMS sample due to RT invalid
2026-07-07 16:03:23,445 [INFO] src.intensity_matrix: Skipped Serine 2TMS peak in SC2 TMS sample due to RT invalid
2026-07-07 16:03:23,446 [INFO] src.intensity_matrix: Molecules Queried: 42 | Peaks Found: 40 | Pct Found 95.23809523809523
2026-07-07 16:03:36,547 [INFO] src.intensity_matrix: --------------------Processing Sample SC3 TMS--------------------
2026-07-07 16:03:36,549 [INFO] src.intensity_matrix: Skipped Asparagine 2TMS peak in SC3 TMS sample due to RT invalid
2026-07-07 16:03:36,550 [INFO] src.intensity_matrix: Skipped Serine 2TMS peak in SC3 TMS sample due to RT invalid
2026-07-07 16:03:36,550 [INFO] src.intensity_matrix: Skipped Taurine peak in SC3 TMS sample due to RT invalid
2026-07-07 16:03:36,550 [INFO] src.intensity_matrix: Skipped Glycerol-3-phosphate peak in SC3 TMS sample due to RT invalid
2026-07-07 16:03:36,550 [INFO] src.intensity_matrix: Molecules Queried: 42 | Peaks Found: 38 | Pct Found 90.47619047619048
2026-07-07 16:03:48,871 [INFO] src.intensity_matrix: --------------------Processing Sample SC4 TMS--------------------
2026-07-07 16:03:48,873 [INFO] src.intensity_matrix: Skipped Asparagine 2TMS peak in SC4 TMS sample due to RT invalid
2026-07-07 16:03:48,873 [INFO] src.intensity_matrix: Skipped Serine 2TMS peak in SC4 TMS sample due to RT invalid
2026-07-07 16:03:48,873 [INFO] src.intensity_matrix: Skipped Taurine peak in SC4 TMS sample due to RT invalid
2026-07-07 16:03:48,873 [INFO] src.intensity_matrix: Skipped Glycerol-3-Phosphate peak in SC4 TMS sample due to RT invalid
2026-07-07 16:03:48,873 [INFO] src.intensity_matrix: Skipped Glycerol-3-phosphate peak in SC4 TMS sample due to RT invalid
2026-07-07 16:03:48,874 [INFO] src.intensity_matrix: Molecules Queried: 42 | Peaks Found: 37 | Pct Found 88.09523809523809
2026-07-07 16:03:58,441 [INFO] src.intensity_matrix: --------------------Processing Sample SC5 TMS--------------------
2026-07-07 16:03:58,443 [INFO] src.intensity_matrix: Skipped Asparagine 2TMS peak in SC5 TMS sample due to RT invalid
2026-07-07 16:03:58,443 [INFO] src.intensity_matrix: Skipped Lauric peak in SC5 TMS sample due to RT invalid
2026-07-07 16:03:58,443 [INFO] src.intensity_matrix: Skipped Serine 2TMS peak in SC5 TMS sample due to RT invalid
2026-07-07 16:03:58,443 [INFO] src.intensity_matrix: Skipped Taurine peak in SC5 TMS sample due to RT invalid
2026-07-07 16:03:58,443 [INFO] src.intensity_matrix: Skipped Glycerol-3-Phosphate peak in SC5 TMS sample due to RT invalid
2026-07-07 16:03:58,443 [INFO] src.intensity_matrix: Skipped Glycerol-3-phosphate peak in SC5 TMS sample due to RT invalid
2026-07-07 16:03:58,443 [INFO] src.intensity_matrix: Skipped Lysine 4TMS peak in SC5 TMS sample due to RT invalid
2026-07-07 16:03:58,443 [INFO] src.intensity_matrix: Skipped Tyrosine 3TMS peak in SC5 TMS sample due to RT invalid
2026-07-07 16:03:58,443 [INFO] src.intensity_matrix: Skipped Linoleate peak in SC5 TMS sample due to RT invalid
2026-07-07 16:03:58,444 [INFO] src.intensity_matrix: Skipped Oleate peak in SC5 TMS sample due to RT invalid
2026-07-07 16:03:58,444 [INFO] src.intensity_matrix: Molecules Queried: 42 | Peaks Found: 32 | Pct Found 76.19047619047619
2026-07-07 16:04:09,096 [INFO] src.intensity_matrix: --------------------Processing Sample SC6 TMS--------------------
2026-07-07 16:04:09,097 [INFO] src.intensity_matrix: Skipped Threonine peak in SC6 TMS sample due to RT invalid
2026-07-07 16:04:09,097 [INFO] src.intensity_matrix: Skipped Aspartate 2TMS peak in SC6 TMS sample due to RT invalid
2026-07-07 16:04:09,097 [INFO] src.intensity_matrix: Skipped Glutamate 2TMS peak in SC6 TMS sample due to RT invalid
2026-07-07 16:04:09,097 [INFO] src.intensity_matrix: Skipped Asparagine 2TMS peak in SC6 TMS sample due to RT invalid
2026-07-07 16:04:09,097 [INFO] src.intensity_matrix: Skipped Lauric peak in SC6 TMS sample due to RT invalid
2026-07-07 16:04:09,097 [INFO] src.intensity_matrix: Skipped Serine 2TMS peak in SC6 TMS sample due to RT invalid
2026-07-07 16:04:09,097 [INFO] src.intensity_matrix: Skipped Taurine peak in SC6 TMS sample due to RT invalid
2026-07-07 16:04:09,097 [INFO] src.intensity_matrix: Skipped Glycerol-3-Phosphate peak in SC6 TMS sample due to RT invalid
2026-07-07 16:04:09,097 [INFO] src.intensity_matrix: Skipped Glycerol-3-phosphate peak in SC6 TMS sample due to RT invalid
2026-07-07 16:04:09,098 [INFO] src.intensity_matrix: Skipped Lysine 4TMS peak in SC6 TMS sample due to RT invalid
2026-07-07 16:04:09,098 [INFO] src.intensity_matrix: Skipped Tyrosine 3TMS peak in SC6 TMS sample due to RT invalid
2026-07-07 16:04:09,098 [INFO] src.intensity_matrix: Skipped heptadecanoic peak in SC6 TMS sample due to RT invalid
2026-07-07 16:04:09,098 [INFO] src.intensity_matrix: Skipped Linoleate peak in SC6 TMS sample due to RT invalid
2026-07-07 16:04:09,098 [INFO] src.intensity_matrix: Skipped Oleate peak in SC6 TMS sample due to RT invalid
2026-07-07 16:04:09,098 [INFO] src.intensity_matrix: Molecules Queried: 42 | Peaks Found: 28 | Pct Found 66.66666666666666
2026-07-07 16:04:13,783 [INFO] src.intensity_matrix: --------------------Processing Sample SC7 TMS--------------------
2026-07-07 16:04:13,784 [INFO] src.intensity_matrix: Skipped Aspartate 2TMS peak in SC7 TMS sample due to RT invalid
2026-07-07 16:04:13,784 [INFO] src.intensity_matrix: Skipped Methionine peak in SC7 TMS sample due to RT invalid
2026-07-07 16:04:13,784 [INFO] src.intensity_matrix: Skipped Glutamate 2TMS peak in SC7 TMS sample due to RT invalid
2026-07-07 16:04:13,784 [INFO] src.intensity_matrix: Skipped Asparagine 2TMS peak in SC7 TMS sample due to RT invalid
2026-07-07 16:04:13,784 [INFO] src.intensity_matrix: Skipped Glutamate 3TMS peak in SC7 TMS sample due to RT invalid
2026-07-07 16:04:13,784 [INFO] src.intensity_matrix: Skipped Serine 2TMS peak in SC7 TMS sample due to RT invalid
2026-07-07 16:04:13,784 [INFO] src.intensity_matrix: Skipped Taurine peak in SC7 TMS sample due to RT invalid
2026-07-07 16:04:13,784 [INFO] src.intensity_matrix: Skipped Glycerol-3-Phosphate peak in SC7 TMS sample due to RT invalid
2026-07-07 16:04:13,784 [INFO] src.intensity_matrix: Skipped Glycerol-3-phosphate peak in SC7 TMS sample due to RT invalid
2026-07-07 16:04:13,784 [INFO] src.intensity_matrix: Skipped Lysine 4TMS peak in SC7 TMS sample due to RT invalid
2026-07-07 16:04:13,784 [INFO] src.intensity_matrix: Skipped Tyrosine 3TMS peak in SC7 TMS sample due to RT invalid
2026-07-07 16:04:13,784 [INFO] src.intensity_matrix: Skipped heptadecanoic peak in SC7 TMS sample due to RT invalid
2026-07-07 16:04:13,784 [INFO] src.intensity_matrix: Skipped Linoleate peak in SC7 TMS sample due to RT invalid
2026-07-07 16:04:13,784 [INFO] src.intensity_matrix: Skipped Oleate peak in SC7 TMS sample due to RT invalid
2026-07-07 16:04:13,784 [INFO] src.intensity_matrix: Molecules Queried: 42 | Peaks Found: 28 | Pct Found 66.66666666666666
2026-07-07 16:04:16,923 [INFO] src.intensity_matrix: --------------------Processing Sample SC8 TMS--------------------
2026-07-07 16:04:16,923 [INFO] src.intensity_matrix: Skipped Aspartate 2TMS peak in SC8 TMS sample due to RT invalid
2026-07-07 16:04:16,923 [INFO] src.intensity_matrix: Skipped Malate peak in SC8 TMS sample due to RT invalid
2026-07-07 16:04:16,923 [INFO] src.intensity_matrix: Skipped Phenylalanine 1TMS peak in SC8 TMS sample due to RT invalid
2026-07-07 16:04:16,923 [INFO] src.intensity_matrix: Skipped Asparagine 2TMS peak in SC8 TMS sample due to RT invalid
2026-07-07 16:04:16,923 [INFO] src.intensity_matrix: Skipped Glutamate 3TMS peak in SC8 TMS sample due to RT invalid
2026-07-07 16:04:16,923 [INFO] src.intensity_matrix: Skipped Serine 2TMS peak in SC8 TMS sample due to RT invalid
2026-07-07 16:04:16,923 [INFO] src.intensity_matrix: Skipped Taurine peak in SC8 TMS sample due to RT invalid
2026-07-07 16:04:16,923 [INFO] src.intensity_matrix: Skipped Glycerol-3-Phosphate peak in SC8 TMS sample due to RT invalid
2026-07-07 16:04:16,923 [INFO] src.intensity_matrix: Skipped Glycerol-3-phosphate peak in SC8 TMS sample due to RT invalid
2026-07-07 16:04:16,923 [INFO] src.intensity_matrix: Skipped Lysine 4TMS peak in SC8 TMS sample due to RT invalid
2026-07-07 16:04:16,923 [INFO] src.intensity_matrix: Skipped Tyrosine 3TMS peak in SC8 TMS sample due to RT invalid
2026-07-07 16:04:16,923 [INFO] src.intensity_matrix: Skipped pentadecanoic peak in SC8 TMS sample due to RT invalid
2026-07-07 16:04:16,924 [INFO] src.intensity_matrix: Skipped heptadecanoic peak in SC8 TMS sample due to RT invalid
2026-07-07 16:04:16,924 [INFO] src.intensity_matrix: Skipped Linoleate peak in SC8 TMS sample due to RT invalid
2026-07-07 16:04:16,924 [INFO] src.intensity_matrix: Skipped Oleate peak in SC8 TMS sample due to RT invalid
2026-07-07 16:04:16,924 [INFO] src.intensity_matrix: Molecules Queried: 42 | Peaks Found: 27 | Pct Found 64.28571428571429
2026-07-07 16:04:20,129 [INFO] src.intensity_matrix: --------------------Processing Sample SC9 TMS--------------------
2026-07-07 16:04:20,129 [INFO] src.intensity_matrix: Skipped Aspartate 2TMS peak in SC9 TMS sample due to RT invalid
2026-07-07 16:04:20,129 [INFO] src.intensity_matrix: Skipped Malate peak in SC9 TMS sample due to RT invalid
2026-07-07 16:04:20,130 [INFO] src.intensity_matrix: Skipped Methionine peak in SC9 TMS sample due to RT invalid
2026-07-07 16:04:20,130 [INFO] src.intensity_matrix: Skipped Asparagine 2TMS peak in SC9 TMS sample due to RT invalid
2026-07-07 16:04:20,130 [INFO] src.intensity_matrix: Skipped Glutamate 3TMS peak in SC9 TMS sample due to RT invalid
2026-07-07 16:04:20,130 [INFO] src.intensity_matrix: Skipped Lauric peak in SC9 TMS sample due to RT invalid
2026-07-07 16:04:20,130 [INFO] src.intensity_matrix: Skipped Serine 2TMS peak in SC9 TMS sample due to RT invalid
2026-07-07 16:04:20,130 [INFO] src.intensity_matrix: Skipped Taurine peak in SC9 TMS sample due to RT invalid
2026-07-07 16:04:20,130 [INFO] src.intensity_matrix: Skipped Glycerol-3-Phosphate peak in SC9 TMS sample due to RT invalid
2026-07-07 16:04:20,130 [INFO] src.intensity_matrix: Skipped Glycerol-3-phosphate peak in SC9 TMS sample due to RT invalid
2026-07-07 16:04:20,130 [INFO] src.intensity_matrix: Skipped Citrate peak in SC9 TMS sample due to RT invalid
2026-07-07 16:04:20,130 [INFO] src.intensity_matrix: Skipped Lysine 3TMS peak in SC9 TMS sample due to RT invalid
2026-07-07 16:04:20,130 [INFO] src.intensity_matrix: Skipped Lysine 4TMS peak in SC9 TMS sample due to RT invalid
2026-07-07 16:04:20,130 [INFO] src.intensity_matrix: Skipped Tyrosine 3TMS peak in SC9 TMS sample due to RT invalid
2026-07-07 16:04:20,130 [INFO] src.intensity_matrix: Skipped pentadecanoic peak in SC9 TMS sample due to RT invalid
2026-07-07 16:04:20,130 [INFO] src.intensity_matrix: Skipped heptadecanoic peak in SC9 TMS sample due to RT invalid
2026-07-07 16:04:20,130 [INFO] src.intensity_matrix: Skipped Linoleate peak in SC9 TMS sample due to RT invalid
2026-07-07 16:04:20,130 [INFO] src.intensity_matrix: Skipped Oleate peak in SC9 TMS sample due to RT invalid
2026-07-07 16:04:20,130 [INFO] src.intensity_matrix: Molecules Queried: 42 | Peaks Found: 24 | Pct Found 57.14285714285714
2026-07-07 16:04:20,217 [WARNING] src.analysis: No nearest neighbors setting detected
2026-07-07 16:04:20,217 [WARNING] src.analysis: No nearest neighbors setting detected
